<?xml version="1.0" encoding="UTF-8"?>
<coverage generated="1661841252778" clover="3.2.0">
  <project timestamp="1661841252778" name="All files">
    <metrics statements="295" coveredstatements="244" conditionals="286" coveredconditionals="158" methods="75" coveredmethods="65" elements="656" coveredelements="467" complexity="0" loc="295" ncloc="295" packages="1" files="5" classes="5"/>
    <file name="Constants.js" path="/Users/admin/Documents/GitHub/react-discussionview/src/Constants.js">
      <metrics statements="1" coveredstatements="1" conditionals="0" coveredconditionals="0" methods="0" coveredmethods="0"/>
      <line num="1" count="1" type="stmt"/>
    </file>
    <file name="DiscussionView.js" path="/Users/admin/Documents/GitHub/react-discussionview/src/DiscussionView.js">
      <metrics statements="259" coveredstatements="242" conditionals="213" coveredconditionals="158" methods="70" coveredmethods="65"/>
      <line num="21" count="1" type="stmt"/>
      <line num="23" count="140" type="stmt"/>
      <line num="24" count="140" type="stmt"/>
      <line num="25" count="140" type="stmt"/>
      <line num="26" count="140" type="stmt"/>
      <line num="27" count="140" type="stmt"/>
      <line num="28" count="140" type="stmt"/>
      <line num="29" count="140" type="stmt"/>
      <line num="30" count="140" type="stmt"/>
      <line num="31" count="140" type="stmt"/>
      <line num="34" count="140" type="stmt"/>
      <line num="36" count="140" type="stmt"/>
      <line num="37" count="140" type="stmt"/>
      <line num="38" count="140" type="stmt"/>
      <line num="40" count="140" type="stmt"/>
      <line num="45" count="3" type="stmt"/>
      <line num="50" count="2" type="cond" truecount="2" falsecount="2"/>
      <line num="51" count="2" type="stmt"/>
      <line num="56" count="3" type="stmt"/>
      <line num="60" count="4" type="stmt"/>
      <line num="64" count="4" type="stmt"/>
      <line num="68" count="122" type="stmt"/>
      <line num="72" count="75" type="stmt"/>
      <line num="76" count="122" type="stmt"/>
      <line num="80" count="85" type="stmt"/>
      <line num="84" count="573" type="stmt"/>
      <line num="88" count="1" type="stmt"/>
      <line num="89" count="1" type="stmt"/>
      <line num="90" count="1" type="stmt"/>
      <line num="92" count="1" type="cond" truecount="1" falsecount="1"/>
      <line num="93" count="1" type="stmt"/>
      <line num="97" count="1" type="stmt"/>
      <line num="101" count="140" type="stmt"/>
      <line num="106" count="140" type="stmt"/>
      <line num="108" count="140" type="stmt"/>
      <line num="110" count="140" type="stmt"/>
      <line num="112" count="85" type="cond" truecount="2" falsecount="0"/>
      <line num="113" count="62" type="stmt"/>
      <line num="118" count="140" type="stmt"/>
      <line num="124" count="140" type="stmt"/>
      <line num="126" count="140" type="stmt"/>
      <line num="128" count="140" type="stmt"/>
      <line num="130" count="85" type="cond" truecount="1" falsecount="1"/>
      <line num="131" count="0" type="stmt"/>
      <line num="136" count="140" type="stmt"/>
      <line num="141" count="1" type="stmt"/>
      <line num="143" count="1" type="stmt"/>
      <line num="144" count="1" type="stmt"/>
      <line num="146" count="0" type="cond" truecount="0" falsecount="2"/>
      <line num="147" count="0" type="stmt"/>
      <line num="151" count="1" type="stmt"/>
      <line num="156" count="0" type="stmt"/>
      <line num="157" count="0" type="stmt"/>
      <line num="159" count="0" type="cond" truecount="0" falsecount="2"/>
      <line num="160" count="0" type="stmt"/>
      <line num="164" count="0" type="stmt"/>
      <line num="171" count="1" type="stmt"/>
      <line num="173" count="1" type="stmt"/>
      <line num="175" count="1" type="cond" truecount="1" falsecount="1"/>
      <line num="177" count="1" type="stmt"/>
      <line num="178" count="1" type="stmt"/>
      <line num="179" count="1" type="stmt"/>
      <line num="181" count="1" type="stmt"/>
      <line num="183" count="1" type="stmt"/>
      <line num="184" count="1" type="stmt"/>
      <line num="194" count="2" type="stmt"/>
      <line num="198" count="2" type="cond" truecount="2" falsecount="0"/>
      <line num="200" count="1" type="stmt"/>
      <line num="201" count="1" type="stmt"/>
      <line num="202" count="1" type="stmt"/>
      <line num="203" count="1" type="stmt"/>
      <line num="204" count="1" type="stmt"/>
      <line num="205" count="1" type="stmt"/>
      <line num="206" count="1" type="stmt"/>
      <line num="207" count="1" type="stmt"/>
      <line num="208" count="1" type="stmt"/>
      <line num="209" count="1" type="cond" truecount="1" falsecount="1"/>
      <line num="211" count="1" type="stmt"/>
      <line num="213" count="1" type="stmt"/>
      <line num="215" count="1" type="stmt"/>
      <line num="217" count="1" type="stmt"/>
      <line num="218" count="1" type="stmt"/>
      <line num="219" count="1" type="stmt"/>
      <line num="220" count="1" type="stmt"/>
      <line num="221" count="1" type="stmt"/>
      <line num="227" count="1" type="stmt"/>
      <line num="229" count="1" type="cond" truecount="1" falsecount="1"/>
      <line num="231" count="1" type="stmt"/>
      <line num="232" count="1" type="stmt"/>
      <line num="233" count="1" type="stmt"/>
      <line num="235" count="1" type="stmt"/>
      <line num="237" count="1" type="stmt"/>
      <line num="239" count="1" type="stmt"/>
      <line num="240" count="1" type="stmt"/>
      <line num="241" count="1" type="stmt"/>
      <line num="242" count="1" type="stmt"/>
      <line num="243" count="1" type="stmt"/>
      <line num="258" count="1" type="stmt"/>
      <line num="260" count="1" type="stmt"/>
      <line num="264" count="1" type="cond" truecount="1" falsecount="1"/>
      <line num="266" count="1" type="stmt"/>
      <line num="267" count="1" type="cond" truecount="1" falsecount="1"/>
      <line num="268" count="1" type="stmt"/>
      <line num="270" count="1" type="stmt"/>
      <line num="271" count="1" type="stmt"/>
      <line num="273" count="1" type="stmt"/>
      <line num="275" count="1" type="stmt"/>
      <line num="276" count="1" type="stmt"/>
      <line num="286" count="1" type="stmt"/>
      <line num="288" count="1" type="stmt"/>
      <line num="290" count="1" type="cond" truecount="1" falsecount="1"/>
      <line num="292" count="1" type="stmt"/>
      <line num="293" count="1" type="cond" truecount="1" falsecount="1"/>
      <line num="294" count="1" type="stmt"/>
      <line num="295" count="3" type="cond" truecount="2" falsecount="0"/>
      <line num="296" count="2" type="stmt"/>
      <line num="300" count="1" type="stmt"/>
      <line num="301" count="1" type="stmt"/>
      <line num="302" count="1" type="stmt"/>
      <line num="303" count="1" type="stmt"/>
      <line num="312" count="1" type="stmt"/>
      <line num="315" count="1" type="stmt"/>
      <line num="317" count="1" type="cond" truecount="1" falsecount="1"/>
      <line num="319" count="1" type="stmt"/>
      <line num="320" count="1" type="cond" truecount="1" falsecount="1"/>
      <line num="321" count="1" type="stmt"/>
      <line num="323" count="1" type="stmt"/>
      <line num="324" count="1" type="stmt"/>
      <line num="325" count="1" type="stmt"/>
      <line num="326" count="1" type="stmt"/>
      <line num="327" count="1" type="stmt"/>
      <line num="336" count="1" type="stmt"/>
      <line num="339" count="1" type="stmt"/>
      <line num="341" count="1" type="cond" truecount="1" falsecount="1"/>
      <line num="343" count="1" type="stmt"/>
      <line num="344" count="1" type="cond" truecount="1" falsecount="1"/>
      <line num="345" count="1" type="stmt"/>
      <line num="346" count="2" type="cond" truecount="2" falsecount="0"/>
      <line num="347" count="1" type="stmt"/>
      <line num="351" count="1" type="stmt"/>
      <line num="352" count="1" type="stmt"/>
      <line num="353" count="1" type="stmt"/>
      <line num="354" count="1" type="stmt"/>
      <line num="364" count="1" type="stmt"/>
      <line num="366" count="1" type="stmt"/>
      <line num="367" count="1" type="stmt"/>
      <line num="368" count="1" type="stmt"/>
      <line num="369" count="1" type="stmt"/>
      <line num="381" count="2" type="stmt"/>
      <line num="386" count="1" type="stmt"/>
      <line num="389" count="1" type="stmt"/>
      <line num="391" count="1" type="cond" truecount="1" falsecount="1"/>
      <line num="393" count="1" type="stmt"/>
      <line num="394" count="1" type="cond" truecount="1" falsecount="1"/>
      <line num="395" count="1" type="stmt"/>
      <line num="397" count="1" type="stmt"/>
      <line num="398" count="1" type="stmt"/>
      <line num="399" count="1" type="stmt"/>
      <line num="400" count="1" type="stmt"/>
      <line num="401" count="1" type="stmt"/>
      <line num="411" count="1" type="stmt"/>
      <line num="414" count="1" type="stmt"/>
      <line num="416" count="1" type="cond" truecount="1" falsecount="1"/>
      <line num="418" count="1" type="stmt"/>
      <line num="419" count="1" type="cond" truecount="1" falsecount="1"/>
      <line num="420" count="1" type="stmt"/>
      <line num="421" count="1" type="cond" truecount="1" falsecount="1"/>
      <line num="422" count="0" type="stmt"/>
      <line num="426" count="1" type="stmt"/>
      <line num="427" count="1" type="stmt"/>
      <line num="428" count="1" type="stmt"/>
      <line num="429" count="1" type="stmt"/>
      <line num="440" count="1" type="stmt"/>
      <line num="443" count="1" type="stmt"/>
      <line num="445" count="1" type="cond" truecount="1" falsecount="1"/>
      <line num="447" count="1" type="stmt"/>
      <line num="448" count="1" type="cond" truecount="1" falsecount="1"/>
      <line num="449" count="1" type="stmt"/>
      <line num="451" count="1" type="stmt"/>
      <line num="452" count="1" type="stmt"/>
      <line num="453" count="1" type="stmt"/>
      <line num="454" count="1" type="stmt"/>
      <line num="455" count="1" type="stmt"/>
      <line num="465" count="1" type="stmt"/>
      <line num="468" count="1" type="stmt"/>
      <line num="470" count="1" type="cond" truecount="1" falsecount="1"/>
      <line num="472" count="1" type="stmt"/>
      <line num="473" count="1" type="cond" truecount="1" falsecount="1"/>
      <line num="474" count="1" type="stmt"/>
      <line num="475" count="1" type="cond" truecount="1" falsecount="1"/>
      <line num="476" count="0" type="stmt"/>
      <line num="480" count="1" type="stmt"/>
      <line num="481" count="1" type="stmt"/>
      <line num="482" count="1" type="stmt"/>
      <line num="483" count="1" type="stmt"/>
      <line num="494" count="0" type="stmt"/>
      <line num="496" count="0" type="stmt"/>
      <line num="497" count="0" type="stmt"/>
      <line num="504" count="1" type="stmt"/>
      <line num="507" count="140" type="stmt"/>
      <line num="509" count="74" type="stmt"/>
      <line num="510" count="74" type="cond" truecount="3" falsecount="1"/>
      <line num="511" count="0" type="stmt"/>
      <line num="517" count="74" type="stmt"/>
      <line num="518" count="74" type="stmt"/>
      <line num="522" count="74" type="cond" truecount="2" falsecount="0"/>
      <line num="524" count="4" type="stmt"/>
      <line num="526" count="4" type="stmt"/>
      <line num="528" count="4" type="stmt"/>
      <line num="529" count="4" type="cond" truecount="1" falsecount="1"/>
      <line num="532" count="4" type="cond" truecount="3" falsecount="1"/>
      <line num="533" count="4" type="stmt"/>
      <line num="539" count="4" type="stmt"/>
      <line num="540" count="4" type="stmt"/>
      <line num="541" count="4" type="stmt"/>
      <line num="546" count="70" type="cond" truecount="2" falsecount="0"/>
      <line num="547" count="2" type="stmt"/>
      <line num="549" count="70" type="cond" truecount="2" falsecount="0"/>
      <line num="550" count="2" type="stmt"/>
      <line num="552" count="70" type="cond" truecount="2" falsecount="0"/>
      <line num="553" count="2" type="stmt"/>
      <line num="555" count="70" type="cond" truecount="2" falsecount="0"/>
      <line num="556" count="64" type="stmt"/>
      <line num="558" count="70" type="cond" truecount="1" falsecount="1"/>
      <line num="559" count="0" type="stmt"/>
      <line num="562" count="70" type="stmt"/>
      <line num="564" count="70" type="stmt"/>
      <line num="565" count="70" type="stmt"/>
      <line num="567" count="70" type="stmt"/>
      <line num="568" count="70" type="stmt"/>
      <line num="570" count="86" type="cond" truecount="1" falsecount="1"/>
      <line num="571" count="86" type="stmt"/>
      <line num="574" count="70" type="stmt"/>
      <line num="583" count="74" type="stmt"/>
      <line num="587" count="140" type="stmt"/>
      <line num="594" count="142" type="stmt"/>
      <line num="596" count="85" type="stmt"/>
      <line num="632" count="1" type="stmt"/>
      <line num="633" count="1" type="stmt"/>
      <line num="634" count="1" type="stmt"/>
      <line num="635" count="1" type="stmt"/>
      <line num="636" count="1" type="stmt"/>
      <line num="637" count="1" type="stmt"/>
      <line num="638" count="1" type="stmt"/>
      <line num="639" count="1" type="stmt"/>
      <line num="640" count="1" type="stmt"/>
      <line num="641" count="1" type="stmt"/>
      <line num="642" count="0" type="stmt"/>
      <line num="679" count="2" type="cond" truecount="3" falsecount="1"/>
      <line num="680" count="1" type="cond" truecount="3" falsecount="1"/>
      <line num="686" count="2" type="cond" truecount="3" falsecount="1"/>
      <line num="687" count="1" type="cond" truecount="3" falsecount="1"/>
      <line num="704" count="1" type="cond" truecount="2" falsecount="0"/>
      <line num="706" count="1" type="cond" truecount="2" falsecount="0"/>
      <line num="708" count="1" type="cond" truecount="2" falsecount="0"/>
      <line num="710" count="1" type="cond" truecount="2" falsecount="0"/>
      <line num="712" count="0" type="cond" truecount="2" falsecount="0"/>
      <line num="734" count="1" type="stmt"/>
      <line num="736" count="1" type="stmt"/>
    </file>
    <file name="Services.js" path="/Users/admin/Documents/GitHub/react-discussionview/src/Services.js">
      <metrics statements="13" coveredstatements="1" conditionals="0" coveredconditionals="0" methods="3" coveredmethods="0"/>
      <line num="8" count="0" type="stmt"/>
      <line num="20" count="0" type="stmt"/>
      <line num="21" count="0" type="stmt"/>
      <line num="22" count="0" type="stmt"/>
      <line num="28" count="0" type="stmt"/>
      <line num="33" count="0" type="stmt"/>
      <line num="34" count="0" type="stmt"/>
      <line num="40" count="0" type="stmt"/>
      <line num="44" count="0" type="stmt"/>
      <line num="45" count="0" type="stmt"/>
      <line num="46" count="0" type="stmt"/>
      <line num="47" count="0" type="stmt"/>
      <line num="53" count="1" type="stmt"/>
    </file>
    <file name="Util.js" path="/Users/admin/Documents/GitHub/react-discussionview/src/Util.js">
      <metrics statements="22" coveredstatements="0" conditionals="73" coveredconditionals="0" methods="2" coveredmethods="0"/>
      <line num="1" count="0" type="stmt"/>
      <line num="4" count="0" type="stmt"/>
      <line num="5" count="0" type="cond" truecount="0" falsecount="10"/>
      <line num="6" count="0" type="cond" truecount="0" falsecount="2"/>
      <line num="7" count="0" type="stmt"/>
      <line num="8" count="0" type="cond" truecount="0" falsecount="2"/>
      <line num="9" count="0" type="stmt"/>
      <line num="10" count="0" type="cond" truecount="0" falsecount="4"/>
      <line num="11" count="0" type="cond" truecount="0" falsecount="4"/>
      <line num="13" count="0" type="cond" truecount="0" falsecount="5"/>
      <line num="14" count="0" type="cond" truecount="0" falsecount="4"/>
      <line num="15" count="0" type="stmt"/>
      <line num="16" count="0" type="cond" truecount="0" falsecount="4"/>
      <line num="17" count="0" type="stmt"/>
      <line num="18" count="0" type="stmt"/>
      <line num="19" count="0" type="cond" truecount="0" falsecount="14"/>
      <line num="20" count="0" type="cond" truecount="0" falsecount="4"/>
      <line num="21" count="0" type="cond" truecount="0" falsecount="2"/>
      <line num="22" count="0" type="stmt"/>
      <line num="23" count="0" type="cond" truecount="0" falsecount="8"/>
      <line num="24" count="0" type="cond" truecount="0" falsecount="6"/>
      <line num="25" count="0" type="cond" truecount="0" falsecount="4"/>
    </file>
    <file name="index.js" path="/Users/admin/Documents/GitHub/react-discussionview/src/index.js">
      <metrics statements="0" coveredstatements="0" conditionals="0" coveredconditionals="0" methods="0" coveredmethods="0"/>
    </file>
  </project>
</coverage>
