{"/Users/admin/Documents/GitHub/react-discussionview/src/Constants.js": {"path":"/Users/admin/Documents/GitHub/react-discussionview/src/Constants.js","statementMap":{"0":{"start":{"line":1,"column":18},"end":{"line":12,"column":1}}},"fnMap":{},"branchMap":{},"s":{"0":1},"f":{},"b":{},"_coverageSchema":"43e27e138ebf9cfc5966b082cf9a028302ed4184","hash":"edf9825495b6461f7785c013257e83e992c8f1e5"}
,"/Users/admin/Documents/GitHub/react-discussionview/src/DiscussionView.js": {"path":"/Users/admin/Documents/GitHub/react-discussionview/src/DiscussionView.js","statementMap":{"0":{"start":{"line":21,"column":30},"end":{"line":770,"column":1}},"1":{"start":{"line":23,"column":28},"end":{"line":23,"column":42}},"2":{"start":{"line":24,"column":42},"end":{"line":24,"column":57}},"3":{"start":{"line":25,"column":40},"end":{"line":25,"column":55}},"4":{"start":{"line":26,"column":44},"end":{"line":26,"column":56}},"5":{"start":{"line":27,"column":32},"end":{"line":27,"column":69}},"6":{"start":{"line":28,"column":38},"end":{"line":28,"column":53}},"7":{"start":{"line":29,"column":40},"end":{"line":29,"column":52}},"8":{"start":{"line":30,"column":54},"end":{"line":30,"column":68}},"9":{"start":{"line":31,"column":56},"end":{"line":31,"column":70}},"10":{"start":{"line":34,"column":38},"end":{"line":34,"column":53}},"11":{"start":{"line":36,"column":21},"end":{"line":36,"column":33}},"12":{"start":{"line":37,"column":21},"end":{"line":37,"column":40}},"13":{"start":{"line":38,"column":26},"end":{"line":38,"column":38}},"14":{"start":{"line":40,"column":18},"end":{"line":40,"column":44}},"15":{"start":{"line":45,"column":8},"end":{"line":45,"column":54}},"16":{"start":{"line":45,"column":26},"end":{"line":45,"column":46}},"17":{"start":{"line":50,"column":8},"end":{"line":52,"column":9}},"18":{"start":{"line":51,"column":12},"end":{"line":51,"column":60}},"19":{"start":{"line":51,"column":30},"end":{"line":51,"column":52}},"20":{"start":{"line":56,"column":8},"end":{"line":56,"column":55}},"21":{"start":{"line":56,"column":26},"end":{"line":56,"column":47}},"22":{"start":{"line":60,"column":8},"end":{"line":60,"column":50}},"23":{"start":{"line":60,"column":26},"end":{"line":60,"column":42}},"24":{"start":{"line":64,"column":8},"end":{"line":64,"column":53}},"25":{"start":{"line":68,"column":8},"end":{"line":68,"column":46}},"26":{"start":{"line":72,"column":8},"end":{"line":72,"column":52}},"27":{"start":{"line":76,"column":8},"end":{"line":76,"column":45}},"28":{"start":{"line":80,"column":8},"end":{"line":80,"column":39}},"29":{"start":{"line":84,"column":8},"end":{"line":84,"column":32}},"30":{"start":{"line":88,"column":18},"end":{"line":88,"column":22}},"31":{"start":{"line":89,"column":25},"end":{"line":89,"column":38}},"32":{"start":{"line":90,"column":8},"end":{"line":96,"column":9}},"33":{"start":{"line":90,"column":20},"end":{"line":90,"column":21}},"34":{"start":{"line":92,"column":12},"end":{"line":94,"column":13}},"35":{"start":{"line":93,"column":16},"end":{"line":93,"column":34}},"36":{"start":{"line":97,"column":8},"end":{"line":97,"column":19}},"37":{"start":{"line":101,"column":8},"end":{"line":101,"column":36}},"38":{"start":{"line":106,"column":18},"end":{"line":106,"column":20}},"39":{"start":{"line":108,"column":25},"end":{"line":108,"column":38}},"40":{"start":{"line":110,"column":8},"end":{"line":116,"column":9}},"41":{"start":{"line":110,"column":20},"end":{"line":110,"column":21}},"42":{"start":{"line":112,"column":12},"end":{"line":114,"column":13}},"43":{"start":{"line":113,"column":16},"end":{"line":113,"column":45}},"44":{"start":{"line":118,"column":8},"end":{"line":118,"column":26}},"45":{"start":{"line":124,"column":18},"end":{"line":124,"column":19}},"46":{"start":{"line":126,"column":25},"end":{"line":126,"column":38}},"47":{"start":{"line":128,"column":8},"end":{"line":134,"column":9}},"48":{"start":{"line":128,"column":20},"end":{"line":128,"column":21}},"49":{"start":{"line":130,"column":12},"end":{"line":132,"column":13}},"50":{"start":{"line":131,"column":16},"end":{"line":131,"column":23}},"51":{"start":{"line":136,"column":8},"end":{"line":136,"column":19}},"52":{"start":{"line":141,"column":18},"end":{"line":141,"column":19}},"53":{"start":{"line":143,"column":25},"end":{"line":143,"column":38}},"54":{"start":{"line":144,"column":8},"end":{"line":150,"column":9}},"55":{"start":{"line":144,"column":20},"end":{"line":144,"column":21}},"56":{"start":{"line":146,"column":12},"end":{"line":148,"column":13}},"57":{"start":{"line":147,"column":16},"end":{"line":147,"column":47}},"58":{"start":{"line":151,"column":8},"end":{"line":151,"column":25}},"59":{"start":{"line":156,"column":25},"end":{"line":156,"column":38}},"60":{"start":{"line":157,"column":8},"end":{"line":163,"column":9}},"61":{"start":{"line":157,"column":20},"end":{"line":157,"column":21}},"62":{"start":{"line":159,"column":12},"end":{"line":161,"column":13}},"63":{"start":{"line":160,"column":16},"end":{"line":160,"column":25}},"64":{"start":{"line":164,"column":8},"end":{"line":164,"column":18}},"65":{"start":{"line":171,"column":25},"end":{"line":171,"column":38}},"66":{"start":{"line":173,"column":8},"end":{"line":188,"column":9}},"67":{"start":{"line":173,"column":20},"end":{"line":173,"column":21}},"68":{"start":{"line":175,"column":12},"end":{"line":186,"column":13}},"69":{"start":{"line":177,"column":16},"end":{"line":177,"column":38}},"70":{"start":{"line":178,"column":16},"end":{"line":178,"column":46}},"71":{"start":{"line":179,"column":16},"end":{"line":179,"column":43}},"72":{"start":{"line":181,"column":16},"end":{"line":181,"column":116}},"73":{"start":{"line":183,"column":16},"end":{"line":183,"column":38}},"74":{"start":{"line":184,"column":16},"end":{"line":184,"column":23}},"75":{"start":{"line":194,"column":25},"end":{"line":194,"column":38}},"76":{"start":{"line":198,"column":8},"end":{"line":251,"column":9}},"77":{"start":{"line":200,"column":26},"end":{"line":200,"column":28}},"78":{"start":{"line":201,"column":12},"end":{"line":201,"column":49}},"79":{"start":{"line":202,"column":12},"end":{"line":202,"column":57}},"80":{"start":{"line":203,"column":12},"end":{"line":203,"column":42}},"81":{"start":{"line":204,"column":12},"end":{"line":204,"column":46}},"82":{"start":{"line":205,"column":12},"end":{"line":205,"column":52}},"83":{"start":{"line":206,"column":12},"end":{"line":206,"column":63}},"84":{"start":{"line":207,"column":12},"end":{"line":207,"column":39}},"85":{"start":{"line":208,"column":12},"end":{"line":208,"column":51}},"86":{"start":{"line":209,"column":12},"end":{"line":209,"column":103}},"87":{"start":{"line":211,"column":12},"end":{"line":211,"column":108}},"88":{"start":{"line":213,"column":12},"end":{"line":213,"column":35}},"89":{"start":{"line":215,"column":12},"end":{"line":215,"column":27}},"90":{"start":{"line":217,"column":12},"end":{"line":223,"column":20}},"91":{"start":{"line":218,"column":16},"end":{"line":218,"column":35}},"92":{"start":{"line":219,"column":16},"end":{"line":222,"column":24}},"93":{"start":{"line":220,"column":20},"end":{"line":220,"column":42}},"94":{"start":{"line":221,"column":20},"end":{"line":221,"column":50}},"95":{"start":{"line":227,"column":12},"end":{"line":249,"column":13}},"96":{"start":{"line":227,"column":24},"end":{"line":227,"column":25}},"97":{"start":{"line":229,"column":16},"end":{"line":247,"column":17}},"98":{"start":{"line":231,"column":20},"end":{"line":231,"column":51}},"99":{"start":{"line":232,"column":20},"end":{"line":232,"column":63}},"100":{"start":{"line":233,"column":20},"end":{"line":233,"column":46}},"101":{"start":{"line":235,"column":20},"end":{"line":235,"column":120}},"102":{"start":{"line":237,"column":20},"end":{"line":237,"column":35}},"103":{"start":{"line":239,"column":20},"end":{"line":245,"column":28}},"104":{"start":{"line":240,"column":24},"end":{"line":240,"column":43}},"105":{"start":{"line":241,"column":24},"end":{"line":244,"column":32}},"106":{"start":{"line":242,"column":28},"end":{"line":242,"column":50}},"107":{"start":{"line":243,"column":28},"end":{"line":243,"column":58}},"108":{"start":{"line":258,"column":25},"end":{"line":258,"column":38}},"109":{"start":{"line":260,"column":8},"end":{"line":280,"column":9}},"110":{"start":{"line":260,"column":20},"end":{"line":260,"column":21}},"111":{"start":{"line":264,"column":12},"end":{"line":278,"column":13}},"112":{"start":{"line":266,"column":30},"end":{"line":266,"column":32}},"113":{"start":{"line":267,"column":16},"end":{"line":269,"column":17}},"114":{"start":{"line":268,"column":20},"end":{"line":268,"column":48}},"115":{"start":{"line":270,"column":16},"end":{"line":270,"column":44}},"116":{"start":{"line":271,"column":16},"end":{"line":271,"column":44}},"117":{"start":{"line":273,"column":16},"end":{"line":273,"column":122}},"118":{"start":{"line":275,"column":16},"end":{"line":275,"column":38}},"119":{"start":{"line":276,"column":16},"end":{"line":276,"column":23}},"120":{"start":{"line":286,"column":25},"end":{"line":286,"column":38}},"121":{"start":{"line":288,"column":8},"end":{"line":307,"column":9}},"122":{"start":{"line":288,"column":20},"end":{"line":288,"column":21}},"123":{"start":{"line":290,"column":12},"end":{"line":305,"column":13}},"124":{"start":{"line":292,"column":30},"end":{"line":292,"column":32}},"125":{"start":{"line":293,"column":16},"end":{"line":299,"column":17}},"126":{"start":{"line":294,"column":20},"end":{"line":298,"column":21}},"127":{"start":{"line":294,"column":32},"end":{"line":294,"column":33}},"128":{"start":{"line":295,"column":24},"end":{"line":297,"column":25}},"129":{"start":{"line":296,"column":28},"end":{"line":296,"column":62}},"130":{"start":{"line":300,"column":16},"end":{"line":300,"column":44}},"131":{"start":{"line":301,"column":16},"end":{"line":301,"column":122}},"132":{"start":{"line":302,"column":16},"end":{"line":302,"column":38}},"133":{"start":{"line":303,"column":16},"end":{"line":303,"column":23}},"134":{"start":{"line":312,"column":25},"end":{"line":312,"column":38}},"135":{"start":{"line":315,"column":8},"end":{"line":331,"column":9}},"136":{"start":{"line":315,"column":20},"end":{"line":315,"column":21}},"137":{"start":{"line":317,"column":12},"end":{"line":329,"column":13}},"138":{"start":{"line":319,"column":30},"end":{"line":319,"column":32}},"139":{"start":{"line":320,"column":16},"end":{"line":322,"column":17}},"140":{"start":{"line":321,"column":20},"end":{"line":321,"column":51}},"141":{"start":{"line":323,"column":16},"end":{"line":323,"column":44}},"142":{"start":{"line":324,"column":16},"end":{"line":324,"column":47}},"143":{"start":{"line":325,"column":16},"end":{"line":325,"column":122}},"144":{"start":{"line":326,"column":16},"end":{"line":326,"column":38}},"145":{"start":{"line":327,"column":16},"end":{"line":327,"column":23}},"146":{"start":{"line":336,"column":25},"end":{"line":336,"column":38}},"147":{"start":{"line":339,"column":8},"end":{"line":358,"column":9}},"148":{"start":{"line":339,"column":20},"end":{"line":339,"column":21}},"149":{"start":{"line":341,"column":12},"end":{"line":356,"column":13}},"150":{"start":{"line":343,"column":30},"end":{"line":343,"column":32}},"151":{"start":{"line":344,"column":16},"end":{"line":350,"column":17}},"152":{"start":{"line":345,"column":20},"end":{"line":349,"column":21}},"153":{"start":{"line":345,"column":32},"end":{"line":345,"column":33}},"154":{"start":{"line":346,"column":24},"end":{"line":348,"column":25}},"155":{"start":{"line":347,"column":28},"end":{"line":347,"column":65}},"156":{"start":{"line":351,"column":16},"end":{"line":351,"column":47}},"157":{"start":{"line":352,"column":16},"end":{"line":352,"column":122}},"158":{"start":{"line":353,"column":16},"end":{"line":353,"column":38}},"159":{"start":{"line":354,"column":16},"end":{"line":354,"column":23}},"160":{"start":{"line":364,"column":27},"end":{"line":364,"column":58}},"161":{"start":{"line":366,"column":8},"end":{"line":366,"column":60}},"162":{"start":{"line":367,"column":8},"end":{"line":367,"column":92}},"163":{"start":{"line":368,"column":8},"end":{"line":368,"column":199}},"164":{"start":{"line":369,"column":8},"end":{"line":369,"column":52}},"165":{"start":{"line":369,"column":26},"end":{"line":369,"column":45}},"166":{"start":{"line":381,"column":7},"end":{"line":381,"column":52}},"167":{"start":{"line":381,"column":25},"end":{"line":381,"column":45}},"168":{"start":{"line":386,"column":25},"end":{"line":386,"column":38}},"169":{"start":{"line":389,"column":8},"end":{"line":405,"column":9}},"170":{"start":{"line":389,"column":20},"end":{"line":389,"column":21}},"171":{"start":{"line":391,"column":12},"end":{"line":403,"column":13}},"172":{"start":{"line":393,"column":30},"end":{"line":393,"column":32}},"173":{"start":{"line":394,"column":16},"end":{"line":396,"column":17}},"174":{"start":{"line":395,"column":20},"end":{"line":395,"column":50}},"175":{"start":{"line":397,"column":16},"end":{"line":397,"column":44}},"176":{"start":{"line":398,"column":16},"end":{"line":398,"column":46}},"177":{"start":{"line":399,"column":16},"end":{"line":399,"column":122}},"178":{"start":{"line":400,"column":16},"end":{"line":400,"column":38}},"179":{"start":{"line":401,"column":16},"end":{"line":401,"column":23}},"180":{"start":{"line":411,"column":25},"end":{"line":411,"column":38}},"181":{"start":{"line":414,"column":8},"end":{"line":433,"column":9}},"182":{"start":{"line":414,"column":20},"end":{"line":414,"column":21}},"183":{"start":{"line":416,"column":12},"end":{"line":431,"column":13}},"184":{"start":{"line":418,"column":30},"end":{"line":418,"column":32}},"185":{"start":{"line":419,"column":16},"end":{"line":425,"column":17}},"186":{"start":{"line":420,"column":20},"end":{"line":424,"column":21}},"187":{"start":{"line":420,"column":32},"end":{"line":420,"column":33}},"188":{"start":{"line":421,"column":24},"end":{"line":423,"column":25}},"189":{"start":{"line":422,"column":28},"end":{"line":422,"column":64}},"190":{"start":{"line":426,"column":16},"end":{"line":426,"column":46}},"191":{"start":{"line":427,"column":16},"end":{"line":427,"column":122}},"192":{"start":{"line":428,"column":16},"end":{"line":428,"column":38}},"193":{"start":{"line":429,"column":16},"end":{"line":429,"column":23}},"194":{"start":{"line":440,"column":25},"end":{"line":440,"column":38}},"195":{"start":{"line":443,"column":8},"end":{"line":459,"column":9}},"196":{"start":{"line":443,"column":20},"end":{"line":443,"column":21}},"197":{"start":{"line":445,"column":12},"end":{"line":457,"column":13}},"198":{"start":{"line":447,"column":30},"end":{"line":447,"column":32}},"199":{"start":{"line":448,"column":16},"end":{"line":450,"column":17}},"200":{"start":{"line":449,"column":20},"end":{"line":449,"column":52}},"201":{"start":{"line":451,"column":16},"end":{"line":451,"column":44}},"202":{"start":{"line":452,"column":16},"end":{"line":452,"column":48}},"203":{"start":{"line":453,"column":16},"end":{"line":453,"column":122}},"204":{"start":{"line":454,"column":16},"end":{"line":454,"column":38}},"205":{"start":{"line":455,"column":16},"end":{"line":455,"column":23}},"206":{"start":{"line":465,"column":25},"end":{"line":465,"column":38}},"207":{"start":{"line":468,"column":8},"end":{"line":487,"column":9}},"208":{"start":{"line":468,"column":20},"end":{"line":468,"column":21}},"209":{"start":{"line":470,"column":12},"end":{"line":485,"column":13}},"210":{"start":{"line":472,"column":30},"end":{"line":472,"column":32}},"211":{"start":{"line":473,"column":16},"end":{"line":479,"column":17}},"212":{"start":{"line":474,"column":20},"end":{"line":478,"column":21}},"213":{"start":{"line":474,"column":32},"end":{"line":474,"column":33}},"214":{"start":{"line":475,"column":24},"end":{"line":477,"column":25}},"215":{"start":{"line":476,"column":28},"end":{"line":476,"column":66}},"216":{"start":{"line":480,"column":16},"end":{"line":480,"column":48}},"217":{"start":{"line":481,"column":16},"end":{"line":481,"column":122}},"218":{"start":{"line":482,"column":16},"end":{"line":482,"column":38}},"219":{"start":{"line":483,"column":16},"end":{"line":483,"column":23}},"220":{"start":{"line":494,"column":32},"end":{"line":494,"column":85}},"221":{"start":{"line":496,"column":8},"end":{"line":498,"column":16}},"222":{"start":{"line":497,"column":12},"end":{"line":497,"column":85}},"223":{"start":{"line":504,"column":8},"end":{"line":504,"column":38}},"224":{"start":{"line":507,"column":4},"end":{"line":585,"column":61}},"225":{"start":{"line":509,"column":8},"end":{"line":513,"column":16}},"226":{"start":{"line":510,"column":12},"end":{"line":512,"column":13}},"227":{"start":{"line":511,"column":16},"end":{"line":511,"column":77}},"228":{"start":{"line":517,"column":28},"end":{"line":517,"column":29}},"229":{"start":{"line":518,"column":25},"end":{"line":518,"column":29}},"230":{"start":{"line":522,"column":12},"end":{"line":578,"column":13}},"231":{"start":{"line":524,"column":16},"end":{"line":524,"column":133}},"232":{"start":{"line":526,"column":37},"end":{"line":526,"column":39}},"233":{"start":{"line":528,"column":16},"end":{"line":535,"column":17}},"234":{"start":{"line":528,"column":28},"end":{"line":528,"column":29}},"235":{"start":{"line":529,"column":20},"end":{"line":531,"column":21}},"236":{"start":{"line":532,"column":20},"end":{"line":534,"column":21}},"237":{"start":{"line":533,"column":24},"end":{"line":533,"column":53}},"238":{"start":{"line":539,"column":16},"end":{"line":539,"column":35}},"239":{"start":{"line":540,"column":16},"end":{"line":540,"column":78}},"240":{"start":{"line":541,"column":16},"end":{"line":541,"column":41}},"241":{"start":{"line":546,"column":16},"end":{"line":548,"column":17}},"242":{"start":{"line":547,"column":20},"end":{"line":547,"column":71}},"243":{"start":{"line":549,"column":16},"end":{"line":551,"column":17}},"244":{"start":{"line":550,"column":20},"end":{"line":550,"column":73}},"245":{"start":{"line":552,"column":16},"end":{"line":554,"column":17}},"246":{"start":{"line":553,"column":20},"end":{"line":553,"column":73}},"247":{"start":{"line":555,"column":16},"end":{"line":557,"column":17}},"248":{"start":{"line":556,"column":20},"end":{"line":556,"column":74}},"249":{"start":{"line":558,"column":16},"end":{"line":560,"column":17}},"250":{"start":{"line":559,"column":20},"end":{"line":559,"column":34}},"251":{"start":{"line":562,"column":16},"end":{"line":562,"column":141}},"252":{"start":{"line":564,"column":16},"end":{"line":564,"column":35}},"253":{"start":{"line":565,"column":16},"end":{"line":565,"column":78}},"254":{"start":{"line":567,"column":27},"end":{"line":567,"column":29}},"255":{"start":{"line":568,"column":16},"end":{"line":573,"column":17}},"256":{"start":{"line":568,"column":28},"end":{"line":568,"column":29}},"257":{"start":{"line":570,"column":20},"end":{"line":572,"column":21}},"258":{"start":{"line":571,"column":24},"end":{"line":571,"column":45}},"259":{"start":{"line":574,"column":16},"end":{"line":574,"column":33}},"260":{"start":{"line":583,"column":8},"end":{"line":583,"column":20}},"261":{"start":{"line":587,"column":4},"end":{"line":769,"column":5}},"262":{"start":{"line":594,"column":40},"end":{"line":594,"column":85}},"263":{"start":{"line":594,"column":53},"end":{"line":594,"column":85}},"264":{"start":{"line":596,"column":24},"end":{"line":650,"column":25}},"265":{"start":{"line":632,"column":63},"end":{"line":632,"column":79}},"266":{"start":{"line":633,"column":63},"end":{"line":633,"column":79}},"267":{"start":{"line":633,"column":103},"end":{"line":633,"column":118}},"268":{"start":{"line":634,"column":68},"end":{"line":634,"column":89}},"269":{"start":{"line":635,"column":65},"end":{"line":635,"column":83}},"270":{"start":{"line":636,"column":71},"end":{"line":636,"column":95}},"271":{"start":{"line":637,"column":64},"end":{"line":637,"column":110}},"272":{"start":{"line":638,"column":64},"end":{"line":638,"column":81}},"273":{"start":{"line":639,"column":70},"end":{"line":639,"column":93}},"274":{"start":{"line":640,"column":66},"end":{"line":640,"column":85}},"275":{"start":{"line":641,"column":72},"end":{"line":641,"column":97}},"276":{"start":{"line":642,"column":64},"end":{"line":642,"column":88}},"277":{"start":{"line":679,"column":265},"end":{"line":679,"column":288}},"278":{"start":{"line":680,"column":263},"end":{"line":680,"column":287}},"279":{"start":{"line":686,"column":268},"end":{"line":686,"column":292}},"280":{"start":{"line":687,"column":266},"end":{"line":687,"column":291}},"281":{"start":{"line":704,"column":116},"end":{"line":704,"column":153}},"282":{"start":{"line":706,"column":124},"end":{"line":706,"column":165}},"283":{"start":{"line":708,"column":124},"end":{"line":708,"column":165}},"284":{"start":{"line":710,"column":126},"end":{"line":710,"column":168}},"285":{"start":{"line":712,"column":124},"end":{"line":712,"column":165}},"286":{"start":{"line":734,"column":51},"end":{"line":734,"column":67}},"287":{"start":{"line":736,"column":52},"end":{"line":736,"column":69}}},"fnMap":{"0":{"name":"(anonymous_0)","decl":{"start":{"line":21,"column":30},"end":{"line":21,"column":31}},"loc":{"start":{"line":21,"column":41},"end":{"line":770,"column":1}},"line":21},"1":{"name":"setShowSearchWrap","decl":{"start":{"line":43,"column":13},"end":{"line":43,"column":30}},"loc":{"start":{"line":43,"column":38},"end":{"line":46,"column":5}},"line":43},"2":{"name":"(anonymous_2)","decl":{"start":{"line":45,"column":19},"end":{"line":45,"column":20}},"loc":{"start":{"line":45,"column":25},"end":{"line":45,"column":47}},"line":45},"3":{"name":"setSearchStringWrap","decl":{"start":{"line":48,"column":13},"end":{"line":48,"column":32}},"loc":{"start":{"line":48,"column":40},"end":{"line":53,"column":5}},"line":48},"4":{"name":"(anonymous_4)","decl":{"start":{"line":51,"column":23},"end":{"line":51,"column":24}},"loc":{"start":{"line":51,"column":29},"end":{"line":51,"column":53}},"line":51},"5":{"name":"setShowFiltersWrap","decl":{"start":{"line":55,"column":13},"end":{"line":55,"column":31}},"loc":{"start":{"line":55,"column":39},"end":{"line":57,"column":5}},"line":55},"6":{"name":"(anonymous_6)","decl":{"start":{"line":56,"column":19},"end":{"line":56,"column":20}},"loc":{"start":{"line":56,"column":25},"end":{"line":56,"column":48}},"line":56},"7":{"name":"setFilterWrap","decl":{"start":{"line":59,"column":13},"end":{"line":59,"column":26}},"loc":{"start":{"line":59,"column":34},"end":{"line":61,"column":5}},"line":59},"8":{"name":"(anonymous_8)","decl":{"start":{"line":60,"column":19},"end":{"line":60,"column":20}},"loc":{"start":{"line":60,"column":25},"end":{"line":60,"column":43}},"line":60},"9":{"name":"setReplyRepliedToInfoWrap","decl":{"start":{"line":63,"column":13},"end":{"line":63,"column":38}},"loc":{"start":{"line":63,"column":46},"end":{"line":65,"column":5}},"line":63},"10":{"name":"getReplyRepliedToInfoWrap","decl":{"start":{"line":67,"column":13},"end":{"line":67,"column":38}},"loc":{"start":{"line":67,"column":41},"end":{"line":69,"column":5}},"line":67},"11":{"name":"setReplyCallbackInfoWrap","decl":{"start":{"line":71,"column":13},"end":{"line":71,"column":37}},"loc":{"start":{"line":71,"column":45},"end":{"line":73,"column":5}},"line":71},"12":{"name":"getReplyCallbackInfoWrap","decl":{"start":{"line":75,"column":13},"end":{"line":75,"column":37}},"loc":{"start":{"line":75,"column":40},"end":{"line":77,"column":5}},"line":75},"13":{"name":"setDataWrap","decl":{"start":{"line":79,"column":13},"end":{"line":79,"column":24}},"loc":{"start":{"line":79,"column":32},"end":{"line":81,"column":5}},"line":79},"14":{"name":"getDataWrap","decl":{"start":{"line":83,"column":13},"end":{"line":83,"column":24}},"loc":{"start":{"line":83,"column":27},"end":{"line":85,"column":5}},"line":83},"15":{"name":"getDiscussionInfo","decl":{"start":{"line":87,"column":13},"end":{"line":87,"column":30}},"loc":{"start":{"line":87,"column":45},"end":{"line":98,"column":5}},"line":87},"16":{"name":"getDiscussionNumbers","decl":{"start":{"line":100,"column":13},"end":{"line":100,"column":33}},"loc":{"start":{"line":100,"column":36},"end":{"line":102,"column":5}},"line":100},"17":{"name":"getDiscussionUserNumbers","decl":{"start":{"line":104,"column":13},"end":{"line":104,"column":37}},"loc":{"start":{"line":104,"column":40},"end":{"line":120,"column":5}},"line":104},"18":{"name":"getDiscussionAttachmentNumbers","decl":{"start":{"line":122,"column":13},"end":{"line":122,"column":43}},"loc":{"start":{"line":122,"column":46},"end":{"line":138,"column":5}},"line":122},"19":{"name":"getNextDiscussionId","decl":{"start":{"line":140,"column":13},"end":{"line":140,"column":32}},"loc":{"start":{"line":140,"column":35},"end":{"line":152,"column":5}},"line":140},"20":{"name":"getDiscussionIndexFromId","decl":{"start":{"line":154,"column":13},"end":{"line":154,"column":37}},"loc":{"start":{"line":154,"column":52},"end":{"line":166,"column":5}},"line":154},"21":{"name":"onDelete","decl":{"start":{"line":168,"column":13},"end":{"line":168,"column":21}},"loc":{"start":{"line":168,"column":30},"end":{"line":190,"column":5}},"line":168},"22":{"name":"onSubmit","decl":{"start":{"line":192,"column":13},"end":{"line":192,"column":21}},"loc":{"start":{"line":192,"column":30},"end":{"line":254,"column":5}},"line":192},"23":{"name":"(anonymous_23)","decl":{"start":{"line":217,"column":23},"end":{"line":217,"column":24}},"loc":{"start":{"line":217,"column":29},"end":{"line":223,"column":13}},"line":217},"24":{"name":"(anonymous_24)","decl":{"start":{"line":219,"column":27},"end":{"line":219,"column":28}},"loc":{"start":{"line":219,"column":33},"end":{"line":222,"column":17}},"line":219},"25":{"name":"(anonymous_25)","decl":{"start":{"line":239,"column":31},"end":{"line":239,"column":32}},"loc":{"start":{"line":239,"column":37},"end":{"line":245,"column":21}},"line":239},"26":{"name":"(anonymous_26)","decl":{"start":{"line":241,"column":35},"end":{"line":241,"column":36}},"loc":{"start":{"line":241,"column":41},"end":{"line":244,"column":25}},"line":241},"27":{"name":"onLiked","decl":{"start":{"line":256,"column":19},"end":{"line":256,"column":26}},"loc":{"start":{"line":256,"column":34},"end":{"line":282,"column":5}},"line":256},"28":{"name":"onLikeRemoved","decl":{"start":{"line":284,"column":19},"end":{"line":284,"column":32}},"loc":{"start":{"line":284,"column":40},"end":{"line":309,"column":5}},"line":284},"29":{"name":"onDisLiked","decl":{"start":{"line":311,"column":19},"end":{"line":311,"column":29}},"loc":{"start":{"line":311,"column":37},"end":{"line":332,"column":5}},"line":311},"30":{"name":"onDisLikeRemoved","decl":{"start":{"line":334,"column":19},"end":{"line":334,"column":35}},"loc":{"start":{"line":334,"column":43},"end":{"line":360,"column":5}},"line":334},"31":{"name":"onReplied","decl":{"start":{"line":362,"column":13},"end":{"line":362,"column":22}},"loc":{"start":{"line":362,"column":45},"end":{"line":371,"column":5}},"line":362},"32":{"name":"(anonymous_32)","decl":{"start":{"line":369,"column":19},"end":{"line":369,"column":20}},"loc":{"start":{"line":369,"column":25},"end":{"line":369,"column":46}},"line":369},"33":{"name":"onReplyClose","decl":{"start":{"line":380,"column":13},"end":{"line":380,"column":25}},"loc":{"start":{"line":380,"column":28},"end":{"line":382,"column":5}},"line":380},"34":{"name":"(anonymous_34)","decl":{"start":{"line":381,"column":18},"end":{"line":381,"column":19}},"loc":{"start":{"line":381,"column":24},"end":{"line":381,"column":46}},"line":381},"35":{"name":"onUpVoted","decl":{"start":{"line":384,"column":19},"end":{"line":384,"column":28}},"loc":{"start":{"line":384,"column":36},"end":{"line":407,"column":5}},"line":384},"36":{"name":"onUpVoteRemoved","decl":{"start":{"line":409,"column":19},"end":{"line":409,"column":34}},"loc":{"start":{"line":409,"column":42},"end":{"line":436,"column":5}},"line":409},"37":{"name":"onDownVoted","decl":{"start":{"line":438,"column":19},"end":{"line":438,"column":30}},"loc":{"start":{"line":438,"column":38},"end":{"line":461,"column":5}},"line":438},"38":{"name":"onDownVoteRemoved","decl":{"start":{"line":463,"column":19},"end":{"line":463,"column":36}},"loc":{"start":{"line":463,"column":44},"end":{"line":489,"column":5}},"line":463},"39":{"name":"onReplyToClicked","decl":{"start":{"line":491,"column":13},"end":{"line":491,"column":29}},"loc":{"start":{"line":491,"column":38},"end":{"line":500,"column":5}},"line":491},"40":{"name":"(anonymous_40)","decl":{"start":{"line":496,"column":19},"end":{"line":496,"column":20}},"loc":{"start":{"line":496,"column":25},"end":{"line":498,"column":9}},"line":496},"41":{"name":"onReplyToClosed","decl":{"start":{"line":502,"column":13},"end":{"line":502,"column":28}},"loc":{"start":{"line":502,"column":31},"end":{"line":505,"column":5}},"line":502},"42":{"name":"(anonymous_42)","decl":{"start":{"line":507,"column":14},"end":{"line":507,"column":15}},"loc":{"start":{"line":507,"column":20},"end":{"line":585,"column":5}},"line":507},"43":{"name":"(anonymous_43)","decl":{"start":{"line":509,"column":19},"end":{"line":509,"column":20}},"loc":{"start":{"line":509,"column":25},"end":{"line":513,"column":9}},"line":509},"44":{"name":"fetchData","decl":{"start":{"line":515,"column":23},"end":{"line":515,"column":32}},"loc":{"start":{"line":515,"column":35},"end":{"line":582,"column":9}},"line":515},"45":{"name":"(anonymous_45)","decl":{"start":{"line":592,"column":38},"end":{"line":592,"column":39}},"loc":{"start":{"line":592,"column":54},"end":{"line":652,"column":21}},"line":592},"46":{"name":"(anonymous_46)","decl":{"start":{"line":594,"column":40},"end":{"line":594,"column":41}},"loc":{"start":{"line":594,"column":53},"end":{"line":594,"column":85}},"line":594},"47":{"name":"(anonymous_47)","decl":{"start":{"line":632,"column":50},"end":{"line":632,"column":51}},"loc":{"start":{"line":632,"column":62},"end":{"line":632,"column":80}},"line":632},"48":{"name":"(anonymous_48)","decl":{"start":{"line":633,"column":50},"end":{"line":633,"column":51}},"loc":{"start":{"line":633,"column":62},"end":{"line":633,"column":80}},"line":633},"49":{"name":"(anonymous_49)","decl":{"start":{"line":633,"column":90},"end":{"line":633,"column":91}},"loc":{"start":{"line":633,"column":102},"end":{"line":633,"column":119}},"line":633},"50":{"name":"(anonymous_50)","decl":{"start":{"line":634,"column":55},"end":{"line":634,"column":56}},"loc":{"start":{"line":634,"column":67},"end":{"line":634,"column":90}},"line":634},"51":{"name":"(anonymous_51)","decl":{"start":{"line":635,"column":52},"end":{"line":635,"column":53}},"loc":{"start":{"line":635,"column":64},"end":{"line":635,"column":84}},"line":635},"52":{"name":"(anonymous_52)","decl":{"start":{"line":636,"column":58},"end":{"line":636,"column":59}},"loc":{"start":{"line":636,"column":70},"end":{"line":636,"column":96}},"line":636},"53":{"name":"(anonymous_53)","decl":{"start":{"line":637,"column":51},"end":{"line":637,"column":52}},"loc":{"start":{"line":637,"column":63},"end":{"line":637,"column":111}},"line":637},"54":{"name":"(anonymous_54)","decl":{"start":{"line":638,"column":51},"end":{"line":638,"column":52}},"loc":{"start":{"line":638,"column":63},"end":{"line":638,"column":82}},"line":638},"55":{"name":"(anonymous_55)","decl":{"start":{"line":639,"column":57},"end":{"line":639,"column":58}},"loc":{"start":{"line":639,"column":69},"end":{"line":639,"column":94}},"line":639},"56":{"name":"(anonymous_56)","decl":{"start":{"line":640,"column":53},"end":{"line":640,"column":54}},"loc":{"start":{"line":640,"column":65},"end":{"line":640,"column":86}},"line":640},"57":{"name":"(anonymous_57)","decl":{"start":{"line":641,"column":59},"end":{"line":641,"column":60}},"loc":{"start":{"line":641,"column":71},"end":{"line":641,"column":98}},"line":641},"58":{"name":"(anonymous_58)","decl":{"start":{"line":642,"column":51},"end":{"line":642,"column":52}},"loc":{"start":{"line":642,"column":63},"end":{"line":642,"column":89}},"line":642},"59":{"name":"(anonymous_59)","decl":{"start":{"line":679,"column":258},"end":{"line":679,"column":259}},"loc":{"start":{"line":679,"column":264},"end":{"line":679,"column":289}},"line":679},"60":{"name":"(anonymous_60)","decl":{"start":{"line":680,"column":256},"end":{"line":680,"column":257}},"loc":{"start":{"line":680,"column":262},"end":{"line":680,"column":288}},"line":680},"61":{"name":"(anonymous_61)","decl":{"start":{"line":686,"column":261},"end":{"line":686,"column":262}},"loc":{"start":{"line":686,"column":267},"end":{"line":686,"column":293}},"line":686},"62":{"name":"(anonymous_62)","decl":{"start":{"line":687,"column":259},"end":{"line":687,"column":260}},"loc":{"start":{"line":687,"column":265},"end":{"line":687,"column":292}},"line":687},"63":{"name":"(anonymous_63)","decl":{"start":{"line":704,"column":111},"end":{"line":704,"column":112}},"loc":{"start":{"line":704,"column":115},"end":{"line":704,"column":154}},"line":704},"64":{"name":"(anonymous_64)","decl":{"start":{"line":706,"column":119},"end":{"line":706,"column":120}},"loc":{"start":{"line":706,"column":123},"end":{"line":706,"column":166}},"line":706},"65":{"name":"(anonymous_65)","decl":{"start":{"line":708,"column":119},"end":{"line":708,"column":120}},"loc":{"start":{"line":708,"column":123},"end":{"line":708,"column":166}},"line":708},"66":{"name":"(anonymous_66)","decl":{"start":{"line":710,"column":121},"end":{"line":710,"column":122}},"loc":{"start":{"line":710,"column":125},"end":{"line":710,"column":169}},"line":710},"67":{"name":"(anonymous_67)","decl":{"start":{"line":712,"column":119},"end":{"line":712,"column":120}},"loc":{"start":{"line":712,"column":123},"end":{"line":712,"column":166}},"line":712},"68":{"name":"(anonymous_68)","decl":{"start":{"line":734,"column":38},"end":{"line":734,"column":39}},"loc":{"start":{"line":734,"column":50},"end":{"line":734,"column":68}},"line":734},"69":{"name":"(anonymous_69)","decl":{"start":{"line":736,"column":45},"end":{"line":736,"column":46}},"loc":{"start":{"line":736,"column":51},"end":{"line":736,"column":70}},"line":736}},"branchMap":{"0":{"loc":{"start":{"line":50,"column":8},"end":{"line":52,"column":9}},"type":"if","locations":[{"start":{"line":50,"column":8},"end":{"line":52,"column":9}},{"start":{"line":50,"column":8},"end":{"line":52,"column":9}}],"line":50},"1":{"loc":{"start":{"line":50,"column":11},"end":{"line":50,"column":49}},"type":"binary-expr","locations":[{"start":{"line":50,"column":11},"end":{"line":50,"column":27}},{"start":{"line":50,"column":31},"end":{"line":50,"column":49}}],"line":50},"2":{"loc":{"start":{"line":92,"column":12},"end":{"line":94,"column":13}},"type":"if","locations":[{"start":{"line":92,"column":12},"end":{"line":94,"column":13}},{"start":{"line":92,"column":12},"end":{"line":94,"column":13}}],"line":92},"3":{"loc":{"start":{"line":112,"column":12},"end":{"line":114,"column":13}},"type":"if","locations":[{"start":{"line":112,"column":12},"end":{"line":114,"column":13}},{"start":{"line":112,"column":12},"end":{"line":114,"column":13}}],"line":112},"4":{"loc":{"start":{"line":130,"column":12},"end":{"line":132,"column":13}},"type":"if","locations":[{"start":{"line":130,"column":12},"end":{"line":132,"column":13}},{"start":{"line":130,"column":12},"end":{"line":132,"column":13}}],"line":130},"5":{"loc":{"start":{"line":146,"column":12},"end":{"line":148,"column":13}},"type":"if","locations":[{"start":{"line":146,"column":12},"end":{"line":148,"column":13}},{"start":{"line":146,"column":12},"end":{"line":148,"column":13}}],"line":146},"6":{"loc":{"start":{"line":159,"column":12},"end":{"line":161,"column":13}},"type":"if","locations":[{"start":{"line":159,"column":12},"end":{"line":161,"column":13}},{"start":{"line":159,"column":12},"end":{"line":161,"column":13}}],"line":159},"7":{"loc":{"start":{"line":175,"column":12},"end":{"line":186,"column":13}},"type":"if","locations":[{"start":{"line":175,"column":12},"end":{"line":186,"column":13}},{"start":{"line":175,"column":12},"end":{"line":186,"column":13}}],"line":175},"8":{"loc":{"start":{"line":198,"column":8},"end":{"line":251,"column":9}},"type":"if","locations":[{"start":{"line":198,"column":8},"end":{"line":251,"column":9}},{"start":{"line":198,"column":8},"end":{"line":251,"column":9}}],"line":198},"9":{"loc":{"start":{"line":209,"column":30},"end":{"line":209,"column":102}},"type":"cond-expr","locations":[{"start":{"line":209,"column":68},"end":{"line":209,"column":95}},{"start":{"line":209,"column":98},"end":{"line":209,"column":102}}],"line":209},"10":{"loc":{"start":{"line":229,"column":16},"end":{"line":247,"column":17}},"type":"if","locations":[{"start":{"line":229,"column":16},"end":{"line":247,"column":17}},{"start":{"line":229,"column":16},"end":{"line":247,"column":17}}],"line":229},"11":{"loc":{"start":{"line":264,"column":12},"end":{"line":278,"column":13}},"type":"if","locations":[{"start":{"line":264,"column":12},"end":{"line":278,"column":13}},{"start":{"line":264,"column":12},"end":{"line":278,"column":13}}],"line":264},"12":{"loc":{"start":{"line":267,"column":16},"end":{"line":269,"column":17}},"type":"if","locations":[{"start":{"line":267,"column":16},"end":{"line":269,"column":17}},{"start":{"line":267,"column":16},"end":{"line":269,"column":17}}],"line":267},"13":{"loc":{"start":{"line":290,"column":12},"end":{"line":305,"column":13}},"type":"if","locations":[{"start":{"line":290,"column":12},"end":{"line":305,"column":13}},{"start":{"line":290,"column":12},"end":{"line":305,"column":13}}],"line":290},"14":{"loc":{"start":{"line":293,"column":16},"end":{"line":299,"column":17}},"type":"if","locations":[{"start":{"line":293,"column":16},"end":{"line":299,"column":17}},{"start":{"line":293,"column":16},"end":{"line":299,"column":17}}],"line":293},"15":{"loc":{"start":{"line":295,"column":24},"end":{"line":297,"column":25}},"type":"if","locations":[{"start":{"line":295,"column":24},"end":{"line":297,"column":25}},{"start":{"line":295,"column":24},"end":{"line":297,"column":25}}],"line":295},"16":{"loc":{"start":{"line":317,"column":12},"end":{"line":329,"column":13}},"type":"if","locations":[{"start":{"line":317,"column":12},"end":{"line":329,"column":13}},{"start":{"line":317,"column":12},"end":{"line":329,"column":13}}],"line":317},"17":{"loc":{"start":{"line":320,"column":16},"end":{"line":322,"column":17}},"type":"if","locations":[{"start":{"line":320,"column":16},"end":{"line":322,"column":17}},{"start":{"line":320,"column":16},"end":{"line":322,"column":17}}],"line":320},"18":{"loc":{"start":{"line":341,"column":12},"end":{"line":356,"column":13}},"type":"if","locations":[{"start":{"line":341,"column":12},"end":{"line":356,"column":13}},{"start":{"line":341,"column":12},"end":{"line":356,"column":13}}],"line":341},"19":{"loc":{"start":{"line":344,"column":16},"end":{"line":350,"column":17}},"type":"if","locations":[{"start":{"line":344,"column":16},"end":{"line":350,"column":17}},{"start":{"line":344,"column":16},"end":{"line":350,"column":17}}],"line":344},"20":{"loc":{"start":{"line":346,"column":24},"end":{"line":348,"column":25}},"type":"if","locations":[{"start":{"line":346,"column":24},"end":{"line":348,"column":25}},{"start":{"line":346,"column":24},"end":{"line":348,"column":25}}],"line":346},"21":{"loc":{"start":{"line":391,"column":12},"end":{"line":403,"column":13}},"type":"if","locations":[{"start":{"line":391,"column":12},"end":{"line":403,"column":13}},{"start":{"line":391,"column":12},"end":{"line":403,"column":13}}],"line":391},"22":{"loc":{"start":{"line":394,"column":16},"end":{"line":396,"column":17}},"type":"if","locations":[{"start":{"line":394,"column":16},"end":{"line":396,"column":17}},{"start":{"line":394,"column":16},"end":{"line":396,"column":17}}],"line":394},"23":{"loc":{"start":{"line":416,"column":12},"end":{"line":431,"column":13}},"type":"if","locations":[{"start":{"line":416,"column":12},"end":{"line":431,"column":13}},{"start":{"line":416,"column":12},"end":{"line":431,"column":13}}],"line":416},"24":{"loc":{"start":{"line":419,"column":16},"end":{"line":425,"column":17}},"type":"if","locations":[{"start":{"line":419,"column":16},"end":{"line":425,"column":17}},{"start":{"line":419,"column":16},"end":{"line":425,"column":17}}],"line":419},"25":{"loc":{"start":{"line":421,"column":24},"end":{"line":423,"column":25}},"type":"if","locations":[{"start":{"line":421,"column":24},"end":{"line":423,"column":25}},{"start":{"line":421,"column":24},"end":{"line":423,"column":25}}],"line":421},"26":{"loc":{"start":{"line":445,"column":12},"end":{"line":457,"column":13}},"type":"if","locations":[{"start":{"line":445,"column":12},"end":{"line":457,"column":13}},{"start":{"line":445,"column":12},"end":{"line":457,"column":13}}],"line":445},"27":{"loc":{"start":{"line":448,"column":16},"end":{"line":450,"column":17}},"type":"if","locations":[{"start":{"line":448,"column":16},"end":{"line":450,"column":17}},{"start":{"line":448,"column":16},"end":{"line":450,"column":17}}],"line":448},"28":{"loc":{"start":{"line":470,"column":12},"end":{"line":485,"column":13}},"type":"if","locations":[{"start":{"line":470,"column":12},"end":{"line":485,"column":13}},{"start":{"line":470,"column":12},"end":{"line":485,"column":13}}],"line":470},"29":{"loc":{"start":{"line":473,"column":16},"end":{"line":479,"column":17}},"type":"if","locations":[{"start":{"line":473,"column":16},"end":{"line":479,"column":17}},{"start":{"line":473,"column":16},"end":{"line":479,"column":17}}],"line":473},"30":{"loc":{"start":{"line":475,"column":24},"end":{"line":477,"column":25}},"type":"if","locations":[{"start":{"line":475,"column":24},"end":{"line":477,"column":25}},{"start":{"line":475,"column":24},"end":{"line":477,"column":25}}],"line":475},"31":{"loc":{"start":{"line":510,"column":12},"end":{"line":512,"column":13}},"type":"if","locations":[{"start":{"line":510,"column":12},"end":{"line":512,"column":13}},{"start":{"line":510,"column":12},"end":{"line":512,"column":13}}],"line":510},"32":{"loc":{"start":{"line":510,"column":15},"end":{"line":510,"column":92}},"type":"binary-expr","locations":[{"start":{"line":510,"column":15},"end":{"line":510,"column":44}},{"start":{"line":510,"column":48},"end":{"line":510,"column":92}}],"line":510},"33":{"loc":{"start":{"line":522,"column":12},"end":{"line":578,"column":13}},"type":"if","locations":[{"start":{"line":522,"column":12},"end":{"line":578,"column":13}},{"start":{"line":522,"column":12},"end":{"line":578,"column":13}}],"line":522},"34":{"loc":{"start":{"line":529,"column":20},"end":{"line":531,"column":21}},"type":"if","locations":[{"start":{"line":529,"column":20},"end":{"line":531,"column":21}},{"start":{"line":529,"column":20},"end":{"line":531,"column":21}}],"line":529},"35":{"loc":{"start":{"line":532,"column":20},"end":{"line":534,"column":21}},"type":"if","locations":[{"start":{"line":532,"column":20},"end":{"line":534,"column":21}},{"start":{"line":532,"column":20},"end":{"line":534,"column":21}}],"line":532},"36":{"loc":{"start":{"line":532,"column":23},"end":{"line":532,"column":92}},"type":"binary-expr","locations":[{"start":{"line":532,"column":23},"end":{"line":532,"column":47}},{"start":{"line":532,"column":51},"end":{"line":532,"column":92}}],"line":532},"37":{"loc":{"start":{"line":546,"column":16},"end":{"line":548,"column":17}},"type":"if","locations":[{"start":{"line":546,"column":16},"end":{"line":548,"column":17}},{"start":{"line":546,"column":16},"end":{"line":548,"column":17}}],"line":546},"38":{"loc":{"start":{"line":549,"column":16},"end":{"line":551,"column":17}},"type":"if","locations":[{"start":{"line":549,"column":16},"end":{"line":551,"column":17}},{"start":{"line":549,"column":16},"end":{"line":551,"column":17}}],"line":549},"39":{"loc":{"start":{"line":552,"column":16},"end":{"line":554,"column":17}},"type":"if","locations":[{"start":{"line":552,"column":16},"end":{"line":554,"column":17}},{"start":{"line":552,"column":16},"end":{"line":554,"column":17}}],"line":552},"40":{"loc":{"start":{"line":555,"column":16},"end":{"line":557,"column":17}},"type":"if","locations":[{"start":{"line":555,"column":16},"end":{"line":557,"column":17}},{"start":{"line":555,"column":16},"end":{"line":557,"column":17}}],"line":555},"41":{"loc":{"start":{"line":558,"column":16},"end":{"line":560,"column":17}},"type":"if","locations":[{"start":{"line":558,"column":16},"end":{"line":560,"column":17}},{"start":{"line":558,"column":16},"end":{"line":560,"column":17}}],"line":558},"42":{"loc":{"start":{"line":570,"column":20},"end":{"line":572,"column":21}},"type":"if","locations":[{"start":{"line":570,"column":20},"end":{"line":572,"column":21}},{"start":{"line":570,"column":20},"end":{"line":572,"column":21}}],"line":570},"43":{"loc":{"start":{"line":590,"column":81},"end":{"line":590,"column":182}},"type":"cond-expr","locations":[{"start":{"line":590,"column":103},"end":{"line":590,"column":144}},{"start":{"line":590,"column":147},"end":{"line":590,"column":182}}],"line":590},"44":{"loc":{"start":{"line":609,"column":46},"end":{"line":609,"column":77}},"type":"cond-expr","locations":[{"start":{"line":609,"column":61},"end":{"line":609,"column":70}},{"start":{"line":609,"column":71},"end":{"line":609,"column":77}}],"line":609},"45":{"loc":{"start":{"line":610,"column":52},"end":{"line":610,"column":94}},"type":"cond-expr","locations":[{"start":{"line":610,"column":82},"end":{"line":610,"column":86}},{"start":{"line":610,"column":89},"end":{"line":610,"column":94}}],"line":610},"46":{"loc":{"start":{"line":611,"column":50},"end":{"line":611,"column":92}},"type":"cond-expr","locations":[{"start":{"line":611,"column":80},"end":{"line":611,"column":84}},{"start":{"line":611,"column":87},"end":{"line":611,"column":92}}],"line":611},"47":{"loc":{"start":{"line":612,"column":52},"end":{"line":612,"column":94}},"type":"cond-expr","locations":[{"start":{"line":612,"column":82},"end":{"line":612,"column":86}},{"start":{"line":612,"column":89},"end":{"line":612,"column":94}}],"line":612},"48":{"loc":{"start":{"line":615,"column":47},"end":{"line":615,"column":116}},"type":"cond-expr","locations":[{"start":{"line":615,"column":95},"end":{"line":615,"column":112}},{"start":{"line":615,"column":115},"end":{"line":615,"column":116}}],"line":615},"49":{"loc":{"start":{"line":615,"column":48},"end":{"line":615,"column":91}},"type":"binary-expr","locations":[{"start":{"line":615,"column":48},"end":{"line":615,"column":66}},{"start":{"line":615,"column":70},"end":{"line":615,"column":91}}],"line":615},"50":{"loc":{"start":{"line":616,"column":52},"end":{"line":616,"column":149}},"type":"cond-expr","locations":[{"start":{"line":616,"column":137},"end":{"line":616,"column":141}},{"start":{"line":616,"column":144},"end":{"line":616,"column":149}}],"line":616},"51":{"loc":{"start":{"line":616,"column":53},"end":{"line":616,"column":133}},"type":"binary-expr","locations":[{"start":{"line":616,"column":53},"end":{"line":616,"column":71}},{"start":{"line":616,"column":75},"end":{"line":616,"column":96}},{"start":{"line":616,"column":100},"end":{"line":616,"column":133}}],"line":616},"52":{"loc":{"start":{"line":618,"column":50},"end":{"line":618,"column":128}},"type":"cond-expr","locations":[{"start":{"line":618,"column":104},"end":{"line":618,"column":124}},{"start":{"line":618,"column":127},"end":{"line":618,"column":128}}],"line":618},"53":{"loc":{"start":{"line":618,"column":51},"end":{"line":618,"column":100}},"type":"binary-expr","locations":[{"start":{"line":618,"column":51},"end":{"line":618,"column":72}},{"start":{"line":618,"column":76},"end":{"line":618,"column":100}}],"line":618},"54":{"loc":{"start":{"line":619,"column":55},"end":{"line":619,"column":161}},"type":"cond-expr","locations":[{"start":{"line":619,"column":149},"end":{"line":619,"column":153}},{"start":{"line":619,"column":156},"end":{"line":619,"column":161}}],"line":619},"55":{"loc":{"start":{"line":619,"column":56},"end":{"line":619,"column":145}},"type":"binary-expr","locations":[{"start":{"line":619,"column":56},"end":{"line":619,"column":77}},{"start":{"line":619,"column":81},"end":{"line":619,"column":105}},{"start":{"line":619,"column":109},"end":{"line":619,"column":145}}],"line":619},"56":{"loc":{"start":{"line":622,"column":49},"end":{"line":622,"column":124}},"type":"cond-expr","locations":[{"start":{"line":622,"column":101},"end":{"line":622,"column":120}},{"start":{"line":622,"column":123},"end":{"line":622,"column":124}}],"line":622},"57":{"loc":{"start":{"line":622,"column":50},"end":{"line":622,"column":97}},"type":"binary-expr","locations":[{"start":{"line":622,"column":50},"end":{"line":622,"column":70}},{"start":{"line":622,"column":74},"end":{"line":622,"column":97}}],"line":622},"58":{"loc":{"start":{"line":623,"column":54},"end":{"line":623,"column":157}},"type":"cond-expr","locations":[{"start":{"line":623,"column":145},"end":{"line":623,"column":149}},{"start":{"line":623,"column":152},"end":{"line":623,"column":157}}],"line":623},"59":{"loc":{"start":{"line":623,"column":55},"end":{"line":623,"column":141}},"type":"binary-expr","locations":[{"start":{"line":623,"column":55},"end":{"line":623,"column":75}},{"start":{"line":623,"column":79},"end":{"line":623,"column":102}},{"start":{"line":623,"column":106},"end":{"line":623,"column":141}}],"line":623},"60":{"loc":{"start":{"line":624,"column":51},"end":{"line":624,"column":132}},"type":"cond-expr","locations":[{"start":{"line":624,"column":107},"end":{"line":624,"column":128}},{"start":{"line":624,"column":131},"end":{"line":624,"column":132}}],"line":624},"61":{"loc":{"start":{"line":624,"column":52},"end":{"line":624,"column":103}},"type":"binary-expr","locations":[{"start":{"line":624,"column":52},"end":{"line":624,"column":74}},{"start":{"line":624,"column":78},"end":{"line":624,"column":103}}],"line":624},"62":{"loc":{"start":{"line":625,"column":56},"end":{"line":625,"column":165}},"type":"cond-expr","locations":[{"start":{"line":625,"column":153},"end":{"line":625,"column":157}},{"start":{"line":625,"column":160},"end":{"line":625,"column":165}}],"line":625},"63":{"loc":{"start":{"line":625,"column":57},"end":{"line":625,"column":149}},"type":"binary-expr","locations":[{"start":{"line":625,"column":57},"end":{"line":625,"column":79}},{"start":{"line":625,"column":83},"end":{"line":625,"column":108}},{"start":{"line":625,"column":112},"end":{"line":625,"column":149}}],"line":625},"64":{"loc":{"start":{"line":628,"column":49},"end":{"line":628,"column":91}},"type":"cond-expr","locations":[{"start":{"line":628,"column":72},"end":{"line":628,"column":84}},{"start":{"line":628,"column":87},"end":{"line":628,"column":91}}],"line":628},"65":{"loc":{"start":{"line":629,"column":123},"end":{"line":629,"column":184}},"type":"cond-expr","locations":[{"start":{"line":629,"column":148},"end":{"line":629,"column":177}},{"start":{"line":629,"column":180},"end":{"line":629,"column":184}}],"line":629},"66":{"loc":{"start":{"line":630,"column":69},"end":{"line":630,"column":103}},"type":"cond-expr","locations":[{"start":{"line":630,"column":89},"end":{"line":630,"column":98}},{"start":{"line":630,"column":101},"end":{"line":630,"column":103}}],"line":630},"67":{"loc":{"start":{"line":630,"column":117},"end":{"line":630,"column":165}},"type":"cond-expr","locations":[{"start":{"line":630,"column":143},"end":{"line":630,"column":158}},{"start":{"line":630,"column":161},"end":{"line":630,"column":165}}],"line":630},"68":{"loc":{"start":{"line":644,"column":47},"end":{"line":644,"column":88}},"type":"cond-expr","locations":[{"start":{"line":644,"column":69},"end":{"line":644,"column":80}},{"start":{"line":644,"column":83},"end":{"line":644,"column":88}}],"line":644},"69":{"loc":{"start":{"line":661,"column":41},"end":{"line":661,"column":140}},"type":"cond-expr","locations":[{"start":{"line":661,"column":63},"end":{"line":661,"column":103}},{"start":{"line":661,"column":106},"end":{"line":661,"column":140}}],"line":661},"70":{"loc":{"start":{"line":666,"column":35},"end":{"line":666,"column":130}},"type":"cond-expr","locations":[{"start":{"line":666,"column":57},"end":{"line":666,"column":95}},{"start":{"line":666,"column":98},"end":{"line":666,"column":130}}],"line":666},"71":{"loc":{"start":{"line":669,"column":35},"end":{"line":669,"column":148}},"type":"cond-expr","locations":[{"start":{"line":669,"column":57},"end":{"line":669,"column":104}},{"start":{"line":669,"column":107},"end":{"line":669,"column":148}}],"line":669},"72":{"loc":{"start":{"line":672,"column":35},"end":{"line":672,"column":148}},"type":"cond-expr","locations":[{"start":{"line":672,"column":57},"end":{"line":672,"column":104}},{"start":{"line":672,"column":107},"end":{"line":672,"column":148}}],"line":672},"73":{"loc":{"start":{"line":675,"column":21},"end":{"line":681,"column":26}},"type":"binary-expr","locations":[{"start":{"line":675,"column":22},"end":{"line":675,"column":48}},{"start":{"line":675,"column":52},"end":{"line":675,"column":70}},{"start":{"line":675,"column":74},"end":{"line":675,"column":86}},{"start":{"line":675,"column":91},"end":{"line":681,"column":26}}],"line":675},"74":{"loc":{"start":{"line":676,"column":41},"end":{"line":676,"column":140}},"type":"cond-expr","locations":[{"start":{"line":676,"column":63},"end":{"line":676,"column":103}},{"start":{"line":676,"column":106},"end":{"line":676,"column":140}}],"line":676},"75":{"loc":{"start":{"line":679,"column":25},"end":{"line":679,"column":307}},"type":"binary-expr","locations":[{"start":{"line":679,"column":25},"end":{"line":679,"column":36}},{"start":{"line":679,"column":40},"end":{"line":679,"column":307}}],"line":679},"76":{"loc":{"start":{"line":679,"column":133},"end":{"line":679,"column":246}},"type":"cond-expr","locations":[{"start":{"line":679,"column":155},"end":{"line":679,"column":202}},{"start":{"line":679,"column":205},"end":{"line":679,"column":246}}],"line":679},"77":{"loc":{"start":{"line":680,"column":25},"end":{"line":680,"column":305}},"type":"binary-expr","locations":[{"start":{"line":680,"column":25},"end":{"line":680,"column":35}},{"start":{"line":680,"column":39},"end":{"line":680,"column":305}}],"line":680},"78":{"loc":{"start":{"line":680,"column":131},"end":{"line":680,"column":244}},"type":"cond-expr","locations":[{"start":{"line":680,"column":153},"end":{"line":680,"column":200}},{"start":{"line":680,"column":203},"end":{"line":680,"column":244}}],"line":680},"79":{"loc":{"start":{"line":682,"column":21},"end":{"line":688,"column":26}},"type":"binary-expr","locations":[{"start":{"line":682,"column":22},"end":{"line":682,"column":49}},{"start":{"line":682,"column":53},"end":{"line":682,"column":72}},{"start":{"line":682,"column":76},"end":{"line":682,"column":87}},{"start":{"line":682,"column":92},"end":{"line":688,"column":26}}],"line":682},"80":{"loc":{"start":{"line":683,"column":41},"end":{"line":683,"column":140}},"type":"cond-expr","locations":[{"start":{"line":683,"column":63},"end":{"line":683,"column":103}},{"start":{"line":683,"column":106},"end":{"line":683,"column":140}}],"line":683},"81":{"loc":{"start":{"line":686,"column":25},"end":{"line":686,"column":311}},"type":"binary-expr","locations":[{"start":{"line":686,"column":25},"end":{"line":686,"column":37}},{"start":{"line":686,"column":41},"end":{"line":686,"column":311}}],"line":686},"82":{"loc":{"start":{"line":686,"column":135},"end":{"line":686,"column":248}},"type":"cond-expr","locations":[{"start":{"line":686,"column":157},"end":{"line":686,"column":204}},{"start":{"line":686,"column":207},"end":{"line":686,"column":248}}],"line":686},"83":{"loc":{"start":{"line":687,"column":25},"end":{"line":687,"column":309}},"type":"binary-expr","locations":[{"start":{"line":687,"column":25},"end":{"line":687,"column":36}},{"start":{"line":687,"column":40},"end":{"line":687,"column":309}}],"line":687},"84":{"loc":{"start":{"line":687,"column":133},"end":{"line":687,"column":246}},"type":"cond-expr","locations":[{"start":{"line":687,"column":155},"end":{"line":687,"column":202}},{"start":{"line":687,"column":205},"end":{"line":687,"column":246}}],"line":687},"85":{"loc":{"start":{"line":689,"column":21},"end":{"line":694,"column":26}},"type":"binary-expr","locations":[{"start":{"line":689,"column":21},"end":{"line":689,"column":31}},{"start":{"line":689,"column":35},"end":{"line":694,"column":26}}],"line":689},"86":{"loc":{"start":{"line":690,"column":41},"end":{"line":690,"column":140}},"type":"cond-expr","locations":[{"start":{"line":690,"column":63},"end":{"line":690,"column":103}},{"start":{"line":690,"column":106},"end":{"line":690,"column":140}}],"line":690},"87":{"loc":{"start":{"line":695,"column":21},"end":{"line":716,"column":26}},"type":"binary-expr","locations":[{"start":{"line":695,"column":21},"end":{"line":695,"column":32}},{"start":{"line":695,"column":36},"end":{"line":716,"column":26}}],"line":695},"88":{"loc":{"start":{"line":696,"column":41},"end":{"line":696,"column":140}},"type":"cond-expr","locations":[{"start":{"line":696,"column":63},"end":{"line":696,"column":103}},{"start":{"line":696,"column":106},"end":{"line":696,"column":140}}],"line":696},"89":{"loc":{"start":{"line":701,"column":35},"end":{"line":701,"column":148}},"type":"cond-expr","locations":[{"start":{"line":701,"column":57},"end":{"line":701,"column":104}},{"start":{"line":701,"column":107},"end":{"line":701,"column":148}}],"line":701},"90":{"loc":{"start":{"line":704,"column":29},"end":{"line":704,"column":208}},"type":"binary-expr","locations":[{"start":{"line":704,"column":29},"end":{"line":704,"column":61}},{"start":{"line":704,"column":65},"end":{"line":704,"column":208}}],"line":704},"91":{"loc":{"start":{"line":705,"column":29},"end":{"line":705,"column":228}},"type":"binary-expr","locations":[{"start":{"line":705,"column":29},"end":{"line":705,"column":61}},{"start":{"line":705,"column":65},"end":{"line":705,"column":228}}],"line":705},"92":{"loc":{"start":{"line":706,"column":29},"end":{"line":706,"column":224}},"type":"binary-expr","locations":[{"start":{"line":706,"column":29},"end":{"line":706,"column":65}},{"start":{"line":706,"column":69},"end":{"line":706,"column":224}}],"line":706},"93":{"loc":{"start":{"line":707,"column":29},"end":{"line":707,"column":236}},"type":"binary-expr","locations":[{"start":{"line":707,"column":29},"end":{"line":707,"column":65}},{"start":{"line":707,"column":69},"end":{"line":707,"column":236}}],"line":707},"94":{"loc":{"start":{"line":708,"column":29},"end":{"line":708,"column":224}},"type":"binary-expr","locations":[{"start":{"line":708,"column":29},"end":{"line":708,"column":65}},{"start":{"line":708,"column":69},"end":{"line":708,"column":224}}],"line":708},"95":{"loc":{"start":{"line":709,"column":29},"end":{"line":709,"column":236}},"type":"binary-expr","locations":[{"start":{"line":709,"column":29},"end":{"line":709,"column":65}},{"start":{"line":709,"column":69},"end":{"line":709,"column":236}}],"line":709},"96":{"loc":{"start":{"line":710,"column":29},"end":{"line":710,"column":228}},"type":"binary-expr","locations":[{"start":{"line":710,"column":29},"end":{"line":710,"column":66}},{"start":{"line":710,"column":70},"end":{"line":710,"column":228}}],"line":710},"97":{"loc":{"start":{"line":711,"column":29},"end":{"line":711,"column":238}},"type":"binary-expr","locations":[{"start":{"line":711,"column":29},"end":{"line":711,"column":66}},{"start":{"line":711,"column":70},"end":{"line":711,"column":238}}],"line":711},"98":{"loc":{"start":{"line":712,"column":29},"end":{"line":712,"column":224}},"type":"binary-expr","locations":[{"start":{"line":712,"column":29},"end":{"line":712,"column":65}},{"start":{"line":712,"column":69},"end":{"line":712,"column":224}}],"line":712},"99":{"loc":{"start":{"line":713,"column":29},"end":{"line":713,"column":236}},"type":"binary-expr","locations":[{"start":{"line":713,"column":29},"end":{"line":713,"column":65}},{"start":{"line":713,"column":69},"end":{"line":713,"column":236}}],"line":713},"100":{"loc":{"start":{"line":717,"column":21},"end":{"line":738,"column":26}},"type":"binary-expr","locations":[{"start":{"line":717,"column":22},"end":{"line":717,"column":34}},{"start":{"line":717,"column":38},"end":{"line":717,"column":49}},{"start":{"line":717,"column":54},"end":{"line":738,"column":26}}],"line":717},"101":{"loc":{"start":{"line":735,"column":35},"end":{"line":735,"column":76}},"type":"cond-expr","locations":[{"start":{"line":735,"column":57},"end":{"line":735,"column":68}},{"start":{"line":735,"column":71},"end":{"line":735,"column":76}}],"line":735}},"s":{"0":1,"1":140,"2":140,"3":140,"4":140,"5":140,"6":140,"7":140,"8":140,"9":140,"10":140,"11":140,"12":140,"13":140,"14":140,"15":3,"16":3,"17":2,"18":2,"19":2,"20":3,"21":3,"22":4,"23":4,"24":4,"25":122,"26":75,"27":122,"28":85,"29":573,"30":1,"31":1,"32":1,"33":1,"34":1,"35":1,"36":1,"37":140,"38":140,"39":140,"40":140,"41":140,"42":85,"43":62,"44":140,"45":140,"46":140,"47":140,"48":140,"49":85,"50":0,"51":140,"52":1,"53":1,"54":1,"55":1,"56":0,"57":0,"58":1,"59":0,"60":0,"61":0,"62":0,"63":0,"64":0,"65":1,"66":1,"67":1,"68":1,"69":1,"70":1,"71":1,"72":1,"73":1,"74":1,"75":2,"76":2,"77":1,"78":1,"79":1,"80":1,"81":1,"82":1,"83":1,"84":1,"85":1,"86":1,"87":1,"88":1,"89":1,"90":1,"91":1,"92":1,"93":1,"94":1,"95":1,"96":1,"97":1,"98":1,"99":1,"100":1,"101":1,"102":1,"103":1,"104":1,"105":1,"106":1,"107":1,"108":1,"109":1,"110":1,"111":1,"112":1,"113":1,"114":1,"115":1,"116":1,"117":1,"118":1,"119":1,"120":1,"121":1,"122":1,"123":1,"124":1,"125":1,"126":1,"127":1,"128":3,"129":2,"130":1,"131":1,"132":1,"133":1,"134":1,"135":1,"136":1,"137":1,"138":1,"139":1,"140":1,"141":1,"142":1,"143":1,"144":1,"145":1,"146":1,"147":1,"148":1,"149":1,"150":1,"151":1,"152":1,"153":1,"154":2,"155":1,"156":1,"157":1,"158":1,"159":1,"160":1,"161":1,"162":1,"163":1,"164":1,"165":1,"166":2,"167":2,"168":1,"169":1,"170":1,"171":1,"172":1,"173":1,"174":1,"175":1,"176":1,"177":1,"178":1,"179":1,"180":1,"181":1,"182":1,"183":1,"184":1,"185":1,"186":1,"187":1,"188":1,"189":0,"190":1,"191":1,"192":1,"193":1,"194":1,"195":1,"196":1,"197":1,"198":1,"199":1,"200":1,"201":1,"202":1,"203":1,"204":1,"205":1,"206":1,"207":1,"208":1,"209":1,"210":1,"211":1,"212":1,"213":1,"214":1,"215":0,"216":1,"217":1,"218":1,"219":1,"220":0,"221":0,"222":0,"223":1,"224":140,"225":74,"226":74,"227":0,"228":74,"229":74,"230":74,"231":4,"232":4,"233":4,"234":4,"235":4,"236":4,"237":4,"238":4,"239":4,"240":4,"241":70,"242":2,"243":70,"244":2,"245":70,"246":2,"247":70,"248":64,"249":70,"250":0,"251":70,"252":70,"253":70,"254":70,"255":70,"256":70,"257":86,"258":86,"259":70,"260":74,"261":140,"262":85,"263":142,"264":85,"265":1,"266":1,"267":1,"268":1,"269":1,"270":1,"271":1,"272":1,"273":1,"274":1,"275":1,"276":0,"277":2,"278":1,"279":2,"280":1,"281":1,"282":1,"283":1,"284":1,"285":0,"286":1,"287":1},"f":{"0":140,"1":3,"2":3,"3":2,"4":2,"5":3,"6":3,"7":4,"8":4,"9":4,"10":122,"11":75,"12":122,"13":85,"14":573,"15":1,"16":140,"17":140,"18":140,"19":1,"20":0,"21":1,"22":2,"23":1,"24":1,"25":1,"26":1,"27":1,"28":1,"29":1,"30":1,"31":1,"32":1,"33":2,"34":2,"35":1,"36":1,"37":1,"38":1,"39":0,"40":0,"41":1,"42":74,"43":74,"44":74,"45":85,"46":142,"47":1,"48":1,"49":1,"50":1,"51":1,"52":1,"53":1,"54":1,"55":1,"56":1,"57":1,"58":0,"59":2,"60":1,"61":2,"62":1,"63":1,"64":1,"65":1,"66":1,"67":0,"68":1,"69":1},"b":{"0":[2,0],"1":[2,0],"2":[1,0],"3":[62,23],"4":[0,85],"5":[0,0],"6":[0,0],"7":[1,0],"8":[1,1],"9":[0,1],"10":[1,0],"11":[1,0],"12":[1,0],"13":[1,0],"14":[1,0],"15":[2,1],"16":[1,0],"17":[1,0],"18":[1,0],"19":[1,0],"20":[1,1],"21":[1,0],"22":[1,0],"23":[1,0],"24":[1,0],"25":[0,1],"26":[1,0],"27":[1,0],"28":[1,0],"29":[1,0],"30":[0,1],"31":[0,74],"32":[74,68],"33":[4,70],"34":[4,0],"35":[4,0],"36":[4,4],"37":[2,68],"38":[2,68],"39":[2,68],"40":[64,6],"41":[0,70],"42":[86,0],"43":[140,0],"44":[2,83],"45":[6,79],"46":[6,79],"47":[6,79],"48":[18,67],"49":[85,18],"50":[11,74],"51":[85,18,18],"52":[6,79],"53":[85,6],"54":[3,82],"55":[85,6,6],"56":[8,77],"57":[85,79],"58":[5,80],"59":[85,79,8],"60":[51,34],"61":[85,58],"62":[44,41],"63":[85,58,51],"64":[0,85],"65":[85,0],"66":[85,0],"67":[0,85],"68":[85,0],"69":[140,0],"70":[140,0],"71":[140,0],"72":[140,0],"73":[140,16,16,16],"74":[16,0],"75":[16,9],"76":[9,0],"77":[16,7],"78":[7,0],"79":[140,37,37,37],"80":[37,0],"81":[37,26],"82":[26,0],"83":[37,11],"84":[11,0],"85":[140,7],"86":[7,0],"87":[140,11],"88":[11,0],"89":[11,0],"90":[11,8],"91":[11,3],"92":[11,9],"93":[11,2],"94":[11,9],"95":[11,2],"96":[11,7],"97":[11,4],"98":[11,11],"99":[11,0],"100":[140,129,122],"101":[122,0]},"_coverageSchema":"43e27e138ebf9cfc5966b082cf9a028302ed4184","hash":"26f760c466d0ab4c1ed8969eae0ceeefc04229fb"}
,"/Users/admin/Documents/GitHub/react-discussionview/src/Services.js": {"path":"/Users/admin/Documents/GitHub/react-discussionview/src/Services.js","statementMap":{"0":{"start":{"line":8,"column":17},"end":{"line":18,"column":5}},"1":{"start":{"line":20,"column":4},"end":{"line":20,"column":24}},"2":{"start":{"line":21,"column":17},"end":{"line":21,"column":70}},"3":{"start":{"line":22,"column":4},"end":{"line":22,"column":18}},"4":{"start":{"line":28,"column":17},"end":{"line":31,"column":5}},"5":{"start":{"line":33,"column":17},"end":{"line":33,"column":68}},"6":{"start":{"line":34,"column":4},"end":{"line":34,"column":18}},"7":{"start":{"line":40,"column":17},"end":{"line":43,"column":9}},"8":{"start":{"line":44,"column":4},"end":{"line":44,"column":24}},"9":{"start":{"line":45,"column":17},"end":{"line":45,"column":68}},"10":{"start":{"line":46,"column":4},"end":{"line":46,"column":24}},"11":{"start":{"line":47,"column":4},"end":{"line":47,"column":18}},"12":{"start":{"line":53,"column":24},"end":{"line":57,"column":1}}},"fnMap":{"0":{"name":"getDiscussion","decl":{"start":{"line":6,"column":15},"end":{"line":6,"column":28}},"loc":{"start":{"line":6,"column":77},"end":{"line":24,"column":1}},"line":6},"1":{"name":"createDiscussion","decl":{"start":{"line":26,"column":15},"end":{"line":26,"column":31}},"loc":{"start":{"line":26,"column":66},"end":{"line":36,"column":1}},"line":26},"2":{"name":"updateDiscussion","decl":{"start":{"line":38,"column":15},"end":{"line":38,"column":31}},"loc":{"start":{"line":38,"column":66},"end":{"line":50,"column":1}},"line":38}},"branchMap":{},"s":{"0":0,"1":0,"2":0,"3":0,"4":0,"5":0,"6":0,"7":0,"8":0,"9":0,"10":0,"11":0,"12":1},"f":{"0":0,"1":0,"2":0},"b":{},"_coverageSchema":"43e27e138ebf9cfc5966b082cf9a028302ed4184","hash":"cf2782fead23377ad971ca9ac363b2a4cee9d427"}
,"/Users/admin/Documents/GitHub/react-discussionview/src/Util.js": {"path":"/Users/admin/Documents/GitHub/react-discussionview/src/Util.js","statementMap":{"0":{"start":{"line":1,"column":13},"end":{"line":28,"column":1}},"1":{"start":{"line":4,"column":28},"end":{"line":4,"column":36}},"2":{"start":{"line":4,"column":39},"end":{"line":4,"column":49}},"3":{"start":{"line":4,"column":52},"end":{"line":4,"column":72}},"4":{"start":{"line":5,"column":8},"end":{"line":5,"column":112}},"5":{"start":{"line":5,"column":100},"end":{"line":5,"column":112}},"6":{"start":{"line":6,"column":8},"end":{"line":18,"column":23}},"7":{"start":{"line":6,"column":23},"end":{"line":18,"column":23}},"8":{"start":{"line":7,"column":18},"end":{"line":7,"column":26}},"9":{"start":{"line":7,"column":29},"end":{"line":7,"column":31}},"10":{"start":{"line":8,"column":12},"end":{"line":18,"column":13}},"11":{"start":{"line":9,"column":16},"end":{"line":9,"column":52}},"12":{"start":{"line":10,"column":16},"end":{"line":10,"column":40}},"13":{"start":{"line":10,"column":28},"end":{"line":10,"column":40}},"14":{"start":{"line":11,"column":16},"end":{"line":11,"column":95}},"15":{"start":{"line":13,"column":16},"end":{"line":13,"column":47}},"16":{"start":{"line":13,"column":35},"end":{"line":13,"column":47}},"17":{"start":{"line":14,"column":16},"end":{"line":14,"column":78}},"18":{"start":{"line":14,"column":23},"end":{"line":14,"column":78}},"19":{"start":{"line":15,"column":16},"end":{"line":15,"column":35}},"20":{"start":{"line":16,"column":16},"end":{"line":17,"column":60}},"21":{"start":{"line":16,"column":30},"end":{"line":16,"column":97}},"22":{"start":{"line":17,"column":21},"end":{"line":17,"column":60}},"23":{"start":{"line":18,"column":13},"end":{"line":18,"column":21}},"24":{"start":{"line":19,"column":8},"end":{"line":19,"column":177}},"25":{"start":{"line":20,"column":8},"end":{"line":20,"column":30}},"26":{"start":{"line":20,"column":18},"end":{"line":20,"column":30}},"27":{"start":{"line":21,"column":8},"end":{"line":22,"column":103}},"28":{"start":{"line":21,"column":13},"end":{"line":21,"column":64}},"29":{"start":{"line":22,"column":13},"end":{"line":22,"column":103}},"30":{"start":{"line":23,"column":8},"end":{"line":23,"column":59}},"31":{"start":{"line":24,"column":8},"end":{"line":25,"column":112}},"32":{"start":{"line":24,"column":13},"end":{"line":24,"column":82}},"33":{"start":{"line":25,"column":13},"end":{"line":25,"column":112}}},"fnMap":{"0":{"name":"(anonymous_0)","decl":{"start":{"line":3,"column":10},"end":{"line":3,"column":11}},"loc":{"start":{"line":3,"column":31},"end":{"line":26,"column":5}},"line":3},"1":{"name":"(anonymous_1)","decl":{"start":{"line":6,"column":34},"end":{"line":6,"column":35}},"loc":{"start":{"line":6,"column":39},"end":{"line":18,"column":22}},"line":6}},"branchMap":{"0":{"loc":{"start":{"line":5,"column":8},"end":{"line":5,"column":112}},"type":"if","locations":[{"start":{"line":5,"column":8},"end":{"line":5,"column":112}},{"start":{"line":5,"column":8},"end":{"line":5,"column":112}}],"line":5},"1":{"loc":{"start":{"line":5,"column":11},"end":{"line":5,"column":99}},"type":"binary-expr","locations":[{"start":{"line":5,"column":11},"end":{"line":5,"column":30}},{"start":{"line":5,"column":32},"end":{"line":5,"column":36}},{"start":{"line":5,"column":38},"end":{"line":5,"column":41}},{"start":{"line":5,"column":43},"end":{"line":5,"column":63}},{"start":{"line":5,"column":66},"end":{"line":5,"column":76}},{"start":{"line":5,"column":78},"end":{"line":5,"column":88}},{"start":{"line":5,"column":92},"end":{"line":5,"column":94}},{"start":{"line":5,"column":96},"end":{"line":5,"column":98}}],"line":5},"2":{"loc":{"start":{"line":6,"column":8},"end":{"line":18,"column":23}},"type":"if","locations":[{"start":{"line":6,"column":8},"end":{"line":18,"column":23}},{"start":{"line":6,"column":8},"end":{"line":18,"column":23}}],"line":6},"3":{"loc":{"start":{"line":8,"column":12},"end":{"line":18,"column":13}},"type":"if","locations":[{"start":{"line":8,"column":12},"end":{"line":18,"column":13}},{"start":{"line":8,"column":12},"end":{"line":18,"column":13}}],"line":8},"4":{"loc":{"start":{"line":10,"column":16},"end":{"line":10,"column":40}},"type":"if","locations":[{"start":{"line":10,"column":16},"end":{"line":10,"column":40}},{"start":{"line":10,"column":16},"end":{"line":10,"column":40}}],"line":10},"5":{"loc":{"start":{"line":10,"column":19},"end":{"line":10,"column":27}},"type":"binary-expr","locations":[{"start":{"line":10,"column":19},"end":{"line":10,"column":22}},{"start":{"line":10,"column":24},"end":{"line":10,"column":27}}],"line":10},"6":{"loc":{"start":{"line":11,"column":22},"end":{"line":11,"column":53}},"type":"cond-expr","locations":[{"start":{"line":11,"column":32},"end":{"line":11,"column":42}},{"start":{"line":11,"column":43},"end":{"line":11,"column":53}}],"line":11},"7":{"loc":{"start":{"line":11,"column":77},"end":{"line":11,"column":95}},"type":"cond-expr","locations":[{"start":{"line":11,"column":79},"end":{"line":11,"column":92}},{"start":{"line":11,"column":93},"end":{"line":11,"column":95}}],"line":11},"8":{"loc":{"start":{"line":13,"column":16},"end":{"line":13,"column":47}},"type":"if","locations":[{"start":{"line":13,"column":16},"end":{"line":13,"column":47}},{"start":{"line":13,"column":16},"end":{"line":13,"column":47}}],"line":13},"9":{"loc":{"start":{"line":13,"column":19},"end":{"line":13,"column":34}},"type":"binary-expr","locations":[{"start":{"line":13,"column":19},"end":{"line":13,"column":23}},{"start":{"line":13,"column":25},"end":{"line":13,"column":29}},{"start":{"line":13,"column":31},"end":{"line":13,"column":34}}],"line":13},"10":{"loc":{"start":{"line":14,"column":16},"end":{"line":14,"column":78}},"type":"if","locations":[{"start":{"line":14,"column":16},"end":{"line":14,"column":78}},{"start":{"line":14,"column":16},"end":{"line":14,"column":78}}],"line":14},"11":{"loc":{"start":{"line":14,"column":60},"end":{"line":14,"column":76}},"type":"cond-expr","locations":[{"start":{"line":14,"column":64},"end":{"line":14,"column":73}},{"start":{"line":14,"column":74},"end":{"line":14,"column":76}}],"line":14},"12":{"loc":{"start":{"line":16,"column":16},"end":{"line":17,"column":60}},"type":"if","locations":[{"start":{"line":16,"column":16},"end":{"line":17,"column":60}},{"start":{"line":16,"column":16},"end":{"line":17,"column":60}}],"line":16},"13":{"loc":{"start":{"line":16,"column":19},"end":{"line":16,"column":29}},"type":"binary-expr","locations":[{"start":{"line":16,"column":19},"end":{"line":16,"column":23}},{"start":{"line":16,"column":25},"end":{"line":16,"column":29}}],"line":16},"14":{"loc":{"start":{"line":19,"column":24},"end":{"line":19,"column":61}},"type":"cond-expr","locations":[{"start":{"line":19,"column":26},"end":{"line":19,"column":59}},{"start":{"line":19,"column":60},"end":{"line":19,"column":61}}],"line":19},"15":{"loc":{"start":{"line":19,"column":26},"end":{"line":19,"column":59}},"type":"cond-expr","locations":[{"start":{"line":19,"column":38},"end":{"line":19,"column":42}},{"start":{"line":19,"column":43},"end":{"line":19,"column":59}}],"line":19},"16":{"loc":{"start":{"line":19,"column":43},"end":{"line":19,"column":59}},"type":"cond-expr","locations":[{"start":{"line":19,"column":51},"end":{"line":19,"column":53}},{"start":{"line":19,"column":54},"end":{"line":19,"column":59}}],"line":19},"17":{"loc":{"start":{"line":19,"column":87},"end":{"line":19,"column":159}},"type":"cond-expr","locations":[{"start":{"line":19,"column":99},"end":{"line":19,"column":113}},{"start":{"line":19,"column":114},"end":{"line":19,"column":159}}],"line":19},"18":{"loc":{"start":{"line":19,"column":87},"end":{"line":19,"column":98}},"type":"binary-expr","locations":[{"start":{"line":19,"column":87},"end":{"line":19,"column":89}},{"start":{"line":19,"column":91},"end":{"line":19,"column":98}}],"line":19},"19":{"loc":{"start":{"line":19,"column":114},"end":{"line":19,"column":159}},"type":"cond-expr","locations":[{"start":{"line":19,"column":116},"end":{"line":19,"column":134}},{"start":{"line":19,"column":135},"end":{"line":19,"column":159}}],"line":19},"20":{"loc":{"start":{"line":19,"column":162},"end":{"line":19,"column":170}},"type":"cond-expr","locations":[{"start":{"line":19,"column":164},"end":{"line":19,"column":168}},{"start":{"line":19,"column":169},"end":{"line":19,"column":170}}],"line":19},"21":{"loc":{"start":{"line":20,"column":8},"end":{"line":20,"column":30}},"type":"if","locations":[{"start":{"line":20,"column":8},"end":{"line":20,"column":30}},{"start":{"line":20,"column":8},"end":{"line":20,"column":30}}],"line":20},"22":{"loc":{"start":{"line":20,"column":11},"end":{"line":20,"column":17}},"type":"binary-expr","locations":[{"start":{"line":20,"column":11},"end":{"line":20,"column":13}},{"start":{"line":20,"column":15},"end":{"line":20,"column":17}}],"line":20},"23":{"loc":{"start":{"line":21,"column":8},"end":{"line":22,"column":103}},"type":"if","locations":[{"start":{"line":21,"column":8},"end":{"line":22,"column":103}},{"start":{"line":21,"column":8},"end":{"line":22,"column":103}}],"line":21},"24":{"loc":{"start":{"line":23,"column":22},"end":{"line":23,"column":32}},"type":"binary-expr","locations":[{"start":{"line":23,"column":22},"end":{"line":23,"column":26}},{"start":{"line":23,"column":28},"end":{"line":23,"column":32}}],"line":23},"25":{"loc":{"start":{"line":23,"column":35},"end":{"line":23,"column":58}},"type":"cond-expr","locations":[{"start":{"line":23,"column":37},"end":{"line":23,"column":56}},{"start":{"line":23,"column":57},"end":{"line":23,"column":58}}],"line":23},"26":{"loc":{"start":{"line":23,"column":37},"end":{"line":23,"column":56}},"type":"cond-expr","locations":[{"start":{"line":23,"column":41},"end":{"line":23,"column":42}},{"start":{"line":23,"column":43},"end":{"line":23,"column":56}}],"line":23},"27":{"loc":{"start":{"line":23,"column":43},"end":{"line":23,"column":56}},"type":"cond-expr","locations":[{"start":{"line":23,"column":47},"end":{"line":23,"column":48}},{"start":{"line":23,"column":49},"end":{"line":23,"column":56}}],"line":23},"28":{"loc":{"start":{"line":24,"column":8},"end":{"line":25,"column":112}},"type":"if","locations":[{"start":{"line":24,"column":8},"end":{"line":25,"column":112}},{"start":{"line":24,"column":8},"end":{"line":25,"column":112}}],"line":24},"29":{"loc":{"start":{"line":24,"column":26},"end":{"line":24,"column":36}},"type":"cond-expr","locations":[{"start":{"line":24,"column":28},"end":{"line":24,"column":32}},{"start":{"line":24,"column":33},"end":{"line":24,"column":36}}],"line":24},"30":{"loc":{"start":{"line":24,"column":53},"end":{"line":24,"column":76}},"type":"cond-expr","locations":[{"start":{"line":24,"column":55},"end":{"line":24,"column":73}},{"start":{"line":24,"column":74},"end":{"line":24,"column":76}}],"line":24},"31":{"loc":{"start":{"line":25,"column":61},"end":{"line":25,"column":73}},"type":"cond-expr","locations":[{"start":{"line":25,"column":63},"end":{"line":25,"column":71}},{"start":{"line":25,"column":72},"end":{"line":25,"column":73}}],"line":25},"32":{"loc":{"start":{"line":25,"column":97},"end":{"line":25,"column":111}},"type":"cond-expr","locations":[{"start":{"line":25,"column":99},"end":{"line":25,"column":108}},{"start":{"line":25,"column":109},"end":{"line":25,"column":111}}],"line":25}},"s":{"0":0,"1":0,"2":0,"3":0,"4":0,"5":0,"6":0,"7":0,"8":0,"9":0,"10":0,"11":0,"12":0,"13":0,"14":0,"15":0,"16":0,"17":0,"18":0,"19":0,"20":0,"21":0,"22":0,"23":0,"24":0,"25":0,"26":0,"27":0,"28":0,"29":0,"30":0,"31":0,"32":0,"33":0},"f":{"0":0,"1":0},"b":{"0":[0,0],"1":[0,0,0,0,0,0,0,0],"2":[0,0],"3":[0,0],"4":[0,0],"5":[0,0],"6":[0,0],"7":[0,0],"8":[0,0],"9":[0,0,0],"10":[0,0],"11":[0,0],"12":[0,0],"13":[0,0],"14":[0,0],"15":[0,0],"16":[0,0],"17":[0,0],"18":[0,0],"19":[0,0],"20":[0,0],"21":[0,0],"22":[0,0],"23":[0,0],"24":[0,0],"25":[0,0],"26":[0,0],"27":[0,0],"28":[0,0],"29":[0,0],"30":[0,0],"31":[0,0],"32":[0,0]},"hash":"3d0cbba8f0c5057977c0457222e518db843db219"}
,"/Users/admin/Documents/GitHub/react-discussionview/src/index.js": {"path":"/Users/admin/Documents/GitHub/react-discussionview/src/index.js","statementMap":{},"fnMap":{},"branchMap":{},"s":{},"f":{},"b":{},"_coverageSchema":"43e27e138ebf9cfc5966b082cf9a028302ed4184","hash":"8b787244bcd7c99c4cceaafda3c24718643b6302"}
}
