TN:
SF:/Users/admin/Documents/GitHub/react-discussionview/src/Constants.js
FNF:0
FNH:0
DA:1,1
LF:1
LH:1
BRF:0
BRH:0
end_of_record
TN:
SF:/Users/admin/Documents/GitHub/react-discussionview/src/DiscussionView.js
FN:21,(anonymous_0)
FN:43,setShowSearchWrap
FN:45,(anonymous_2)
FN:48,setSearchStringWrap
FN:51,(anonymous_4)
FN:55,setShowFiltersWrap
FN:56,(anonymous_6)
FN:59,setFilterWrap
FN:60,(anonymous_8)
FN:63,setReplyRepliedToInfoWrap
FN:67,getReplyRepliedToInfoWrap
FN:71,setReplyCallbackInfoWrap
FN:75,getReplyCallbackInfoWrap
FN:79,setDataWrap
FN:83,getDataWrap
FN:87,getDiscussionInfo
FN:100,getDiscussionNumbers
FN:104,getDiscussionUserNumbers
FN:122,getDiscussionAttachmentNumbers
FN:140,getNextDiscussionId
FN:154,getDiscussionIndexFromId
FN:168,onDelete
FN:192,onSubmit
FN:217,(anonymous_23)
FN:219,(anonymous_24)
FN:239,(anonymous_25)
FN:241,(anonymous_26)
FN:256,onLiked
FN:284,onLikeRemoved
FN:311,onDisLiked
FN:334,onDisLikeRemoved
FN:362,onReplied
FN:369,(anonymous_32)
FN:380,onReplyClose
FN:381,(anonymous_34)
FN:384,onUpVoted
FN:409,onUpVoteRemoved
FN:438,onDownVoted
FN:463,onDownVoteRemoved
FN:491,onReplyToClicked
FN:496,(anonymous_40)
FN:502,onReplyToClosed
FN:507,(anonymous_42)
FN:509,(anonymous_43)
FN:515,fetchData
FN:592,(anonymous_45)
FN:594,(anonymous_46)
FN:632,(anonymous_47)
FN:633,(anonymous_48)
FN:633,(anonymous_49)
FN:634,(anonymous_50)
FN:635,(anonymous_51)
FN:636,(anonymous_52)
FN:637,(anonymous_53)
FN:638,(anonymous_54)
FN:639,(anonymous_55)
FN:640,(anonymous_56)
FN:641,(anonymous_57)
FN:642,(anonymous_58)
FN:679,(anonymous_59)
FN:680,(anonymous_60)
FN:686,(anonymous_61)
FN:687,(anonymous_62)
FN:704,(anonymous_63)
FN:706,(anonymous_64)
FN:708,(anonymous_65)
FN:710,(anonymous_66)
FN:712,(anonymous_67)
FN:734,(anonymous_68)
FN:736,(anonymous_69)
FNF:70
FNH:65
FNDA:140,(anonymous_0)
FNDA:3,setShowSearchWrap
FNDA:3,(anonymous_2)
FNDA:2,setSearchStringWrap
FNDA:2,(anonymous_4)
FNDA:3,setShowFiltersWrap
FNDA:3,(anonymous_6)
FNDA:4,setFilterWrap
FNDA:4,(anonymous_8)
FNDA:4,setReplyRepliedToInfoWrap
FNDA:122,getReplyRepliedToInfoWrap
FNDA:75,setReplyCallbackInfoWrap
FNDA:122,getReplyCallbackInfoWrap
FNDA:85,setDataWrap
FNDA:573,getDataWrap
FNDA:1,getDiscussionInfo
FNDA:140,getDiscussionNumbers
FNDA:140,getDiscussionUserNumbers
FNDA:140,getDiscussionAttachmentNumbers
FNDA:1,getNextDiscussionId
FNDA:0,getDiscussionIndexFromId
FNDA:1,onDelete
FNDA:2,onSubmit
FNDA:1,(anonymous_23)
FNDA:1,(anonymous_24)
FNDA:1,(anonymous_25)
FNDA:1,(anonymous_26)
FNDA:1,onLiked
FNDA:1,onLikeRemoved
FNDA:1,onDisLiked
FNDA:1,onDisLikeRemoved
FNDA:1,onReplied
FNDA:1,(anonymous_32)
FNDA:2,onReplyClose
FNDA:2,(anonymous_34)
FNDA:1,onUpVoted
FNDA:1,onUpVoteRemoved
FNDA:1,onDownVoted
FNDA:1,onDownVoteRemoved
FNDA:0,onReplyToClicked
FNDA:0,(anonymous_40)
FNDA:1,onReplyToClosed
FNDA:74,(anonymous_42)
FNDA:74,(anonymous_43)
FNDA:74,fetchData
FNDA:85,(anonymous_45)
FNDA:142,(anonymous_46)
FNDA:1,(anonymous_47)
FNDA:1,(anonymous_48)
FNDA:1,(anonymous_49)
FNDA:1,(anonymous_50)
FNDA:1,(anonymous_51)
FNDA:1,(anonymous_52)
FNDA:1,(anonymous_53)
FNDA:1,(anonymous_54)
FNDA:1,(anonymous_55)
FNDA:1,(anonymous_56)
FNDA:1,(anonymous_57)
FNDA:0,(anonymous_58)
FNDA:2,(anonymous_59)
FNDA:1,(anonymous_60)
FNDA:2,(anonymous_61)
FNDA:1,(anonymous_62)
FNDA:1,(anonymous_63)
FNDA:1,(anonymous_64)
FNDA:1,(anonymous_65)
FNDA:1,(anonymous_66)
FNDA:0,(anonymous_67)
FNDA:1,(anonymous_68)
FNDA:1,(anonymous_69)
DA:21,1
DA:23,140
DA:24,140
DA:25,140
DA:26,140
DA:27,140
DA:28,140
DA:29,140
DA:30,140
DA:31,140
DA:34,140
DA:36,140
DA:37,140
DA:38,140
DA:40,140
DA:45,3
DA:50,2
DA:51,2
DA:56,3
DA:60,4
DA:64,4
DA:68,122
DA:72,75
DA:76,122
DA:80,85
DA:84,573
DA:88,1
DA:89,1
DA:90,1
DA:92,1
DA:93,1
DA:97,1
DA:101,140
DA:106,140
DA:108,140
DA:110,140
DA:112,85
DA:113,62
DA:118,140
DA:124,140
DA:126,140
DA:128,140
DA:130,85
DA:131,0
DA:136,140
DA:141,1
DA:143,1
DA:144,1
DA:146,0
DA:147,0
DA:151,1
DA:156,0
DA:157,0
DA:159,0
DA:160,0
DA:164,0
DA:171,1
DA:173,1
DA:175,1
DA:177,1
DA:178,1
DA:179,1
DA:181,1
DA:183,1
DA:184,1
DA:194,2
DA:198,2
DA:200,1
DA:201,1
DA:202,1
DA:203,1
DA:204,1
DA:205,1
DA:206,1
DA:207,1
DA:208,1
DA:209,1
DA:211,1
DA:213,1
DA:215,1
DA:217,1
DA:218,1
DA:219,1
DA:220,1
DA:221,1
DA:227,1
DA:229,1
DA:231,1
DA:232,1
DA:233,1
DA:235,1
DA:237,1
DA:239,1
DA:240,1
DA:241,1
DA:242,1
DA:243,1
DA:258,1
DA:260,1
DA:264,1
DA:266,1
DA:267,1
DA:268,1
DA:270,1
DA:271,1
DA:273,1
DA:275,1
DA:276,1
DA:286,1
DA:288,1
DA:290,1
DA:292,1
DA:293,1
DA:294,1
DA:295,3
DA:296,2
DA:300,1
DA:301,1
DA:302,1
DA:303,1
DA:312,1
DA:315,1
DA:317,1
DA:319,1
DA:320,1
DA:321,1
DA:323,1
DA:324,1
DA:325,1
DA:326,1
DA:327,1
DA:336,1
DA:339,1
DA:341,1
DA:343,1
DA:344,1
DA:345,1
DA:346,2
DA:347,1
DA:351,1
DA:352,1
DA:353,1
DA:354,1
DA:364,1
DA:366,1
DA:367,1
DA:368,1
DA:369,1
DA:381,2
DA:386,1
DA:389,1
DA:391,1
DA:393,1
DA:394,1
DA:395,1
DA:397,1
DA:398,1
DA:399,1
DA:400,1
DA:401,1
DA:411,1
DA:414,1
DA:416,1
DA:418,1
DA:419,1
DA:420,1
DA:421,1
DA:422,0
DA:426,1
DA:427,1
DA:428,1
DA:429,1
DA:440,1
DA:443,1
DA:445,1
DA:447,1
DA:448,1
DA:449,1
DA:451,1
DA:452,1
DA:453,1
DA:454,1
DA:455,1
DA:465,1
DA:468,1
DA:470,1
DA:472,1
DA:473,1
DA:474,1
DA:475,1
DA:476,0
DA:480,1
DA:481,1
DA:482,1
DA:483,1
DA:494,0
DA:496,0
DA:497,0
DA:504,1
DA:507,140
DA:509,74
DA:510,74
DA:511,0
DA:517,74
DA:518,74
DA:522,74
DA:524,4
DA:526,4
DA:528,4
DA:529,4
DA:532,4
DA:533,4
DA:539,4
DA:540,4
DA:541,4
DA:546,70
DA:547,2
DA:549,70
DA:550,2
DA:552,70
DA:553,2
DA:555,70
DA:556,64
DA:558,70
DA:559,0
DA:562,70
DA:564,70
DA:565,70
DA:567,70
DA:568,70
DA:570,86
DA:571,86
DA:574,70
DA:583,74
DA:587,140
DA:594,142
DA:596,85
DA:632,1
DA:633,1
DA:634,1
DA:635,1
DA:636,1
DA:637,1
DA:638,1
DA:639,1
DA:640,1
DA:641,1
DA:642,0
DA:679,2
DA:680,1
DA:686,2
DA:687,1
DA:704,1
DA:706,1
DA:708,1
DA:710,1
DA:712,0
DA:734,1
DA:736,1
LF:259
LH:242
BRDA:50,0,0,2
BRDA:50,0,1,0
BRDA:50,1,0,2
BRDA:50,1,1,0
BRDA:92,2,0,1
BRDA:92,2,1,0
BRDA:112,3,0,62
BRDA:112,3,1,23
BRDA:130,4,0,0
BRDA:130,4,1,85
BRDA:146,5,0,0
BRDA:146,5,1,0
BRDA:159,6,0,0
BRDA:159,6,1,0
BRDA:175,7,0,1
BRDA:175,7,1,0
BRDA:198,8,0,1
BRDA:198,8,1,1
BRDA:209,9,0,0
BRDA:209,9,1,1
BRDA:229,10,0,1
BRDA:229,10,1,0
BRDA:264,11,0,1
BRDA:264,11,1,0
BRDA:267,12,0,1
BRDA:267,12,1,0
BRDA:290,13,0,1
BRDA:290,13,1,0
BRDA:293,14,0,1
BRDA:293,14,1,0
BRDA:295,15,0,2
BRDA:295,15,1,1
BRDA:317,16,0,1
BRDA:317,16,1,0
BRDA:320,17,0,1
BRDA:320,17,1,0
BRDA:341,18,0,1
BRDA:341,18,1,0
BRDA:344,19,0,1
BRDA:344,19,1,0
BRDA:346,20,0,1
BRDA:346,20,1,1
BRDA:391,21,0,1
BRDA:391,21,1,0
BRDA:394,22,0,1
BRDA:394,22,1,0
BRDA:416,23,0,1
BRDA:416,23,1,0
BRDA:419,24,0,1
BRDA:419,24,1,0
BRDA:421,25,0,0
BRDA:421,25,1,1
BRDA:445,26,0,1
BRDA:445,26,1,0
BRDA:448,27,0,1
BRDA:448,27,1,0
BRDA:470,28,0,1
BRDA:470,28,1,0
BRDA:473,29,0,1
BRDA:473,29,1,0
BRDA:475,30,0,0
BRDA:475,30,1,1
BRDA:510,31,0,0
BRDA:510,31,1,74
BRDA:510,32,0,74
BRDA:510,32,1,68
BRDA:522,33,0,4
BRDA:522,33,1,70
BRDA:529,34,0,4
BRDA:529,34,1,0
BRDA:532,35,0,4
BRDA:532,35,1,0
BRDA:532,36,0,4
BRDA:532,36,1,4
BRDA:546,37,0,2
BRDA:546,37,1,68
BRDA:549,38,0,2
BRDA:549,38,1,68
BRDA:552,39,0,2
BRDA:552,39,1,68
BRDA:555,40,0,64
BRDA:555,40,1,6
BRDA:558,41,0,0
BRDA:558,41,1,70
BRDA:570,42,0,86
BRDA:570,42,1,0
BRDA:590,43,0,140
BRDA:590,43,1,0
BRDA:609,44,0,2
BRDA:609,44,1,83
BRDA:610,45,0,6
BRDA:610,45,1,79
BRDA:611,46,0,6
BRDA:611,46,1,79
BRDA:612,47,0,6
BRDA:612,47,1,79
BRDA:615,48,0,18
BRDA:615,48,1,67
BRDA:615,49,0,85
BRDA:615,49,1,18
BRDA:616,50,0,11
BRDA:616,50,1,74
BRDA:616,51,0,85
BRDA:616,51,1,18
BRDA:616,51,2,18
BRDA:618,52,0,6
BRDA:618,52,1,79
BRDA:618,53,0,85
BRDA:618,53,1,6
BRDA:619,54,0,3
BRDA:619,54,1,82
BRDA:619,55,0,85
BRDA:619,55,1,6
BRDA:619,55,2,6
BRDA:622,56,0,8
BRDA:622,56,1,77
BRDA:622,57,0,85
BRDA:622,57,1,79
BRDA:623,58,0,5
BRDA:623,58,1,80
BRDA:623,59,0,85
BRDA:623,59,1,79
BRDA:623,59,2,8
BRDA:624,60,0,51
BRDA:624,60,1,34
BRDA:624,61,0,85
BRDA:624,61,1,58
BRDA:625,62,0,44
BRDA:625,62,1,41
BRDA:625,63,0,85
BRDA:625,63,1,58
BRDA:625,63,2,51
BRDA:628,64,0,0
BRDA:628,64,1,85
BRDA:629,65,0,85
BRDA:629,65,1,0
BRDA:630,66,0,85
BRDA:630,66,1,0
BRDA:630,67,0,0
BRDA:630,67,1,85
BRDA:644,68,0,85
BRDA:644,68,1,0
BRDA:661,69,0,140
BRDA:661,69,1,0
BRDA:666,70,0,140
BRDA:666,70,1,0
BRDA:669,71,0,140
BRDA:669,71,1,0
BRDA:672,72,0,140
BRDA:672,72,1,0
BRDA:675,73,0,140
BRDA:675,73,1,16
BRDA:675,73,2,16
BRDA:675,73,3,16
BRDA:676,74,0,16
BRDA:676,74,1,0
BRDA:679,75,0,16
BRDA:679,75,1,9
BRDA:679,76,0,9
BRDA:679,76,1,0
BRDA:680,77,0,16
BRDA:680,77,1,7
BRDA:680,78,0,7
BRDA:680,78,1,0
BRDA:682,79,0,140
BRDA:682,79,1,37
BRDA:682,79,2,37
BRDA:682,79,3,37
BRDA:683,80,0,37
BRDA:683,80,1,0
BRDA:686,81,0,37
BRDA:686,81,1,26
BRDA:686,82,0,26
BRDA:686,82,1,0
BRDA:687,83,0,37
BRDA:687,83,1,11
BRDA:687,84,0,11
BRDA:687,84,1,0
BRDA:689,85,0,140
BRDA:689,85,1,7
BRDA:690,86,0,7
BRDA:690,86,1,0
BRDA:695,87,0,140
BRDA:695,87,1,11
BRDA:696,88,0,11
BRDA:696,88,1,0
BRDA:701,89,0,11
BRDA:701,89,1,0
BRDA:704,90,0,11
BRDA:704,90,1,8
BRDA:705,91,0,11
BRDA:705,91,1,3
BRDA:706,92,0,11
BRDA:706,92,1,9
BRDA:707,93,0,11
BRDA:707,93,1,2
BRDA:708,94,0,11
BRDA:708,94,1,9
BRDA:709,95,0,11
BRDA:709,95,1,2
BRDA:710,96,0,11
BRDA:710,96,1,7
BRDA:711,97,0,11
BRDA:711,97,1,4
BRDA:712,98,0,11
BRDA:712,98,1,11
BRDA:713,99,0,11
BRDA:713,99,1,0
BRDA:717,100,0,140
BRDA:717,100,1,129
BRDA:717,100,2,122
BRDA:735,101,0,122
BRDA:735,101,1,0
BRF:213
BRH:158
end_of_record
TN:
SF:/Users/admin/Documents/GitHub/react-discussionview/src/Services.js
FN:6,getDiscussion
FN:26,createDiscussion
FN:38,updateDiscussion
FNF:3
FNH:0
FNDA:0,getDiscussion
FNDA:0,createDiscussion
FNDA:0,updateDiscussion
DA:8,0
DA:20,0
DA:21,0
DA:22,0
DA:28,0
DA:33,0
DA:34,0
DA:40,0
DA:44,0
DA:45,0
DA:46,0
DA:47,0
DA:53,1
LF:13
LH:1
BRF:0
BRH:0
end_of_record
TN:
SF:/Users/admin/Documents/GitHub/react-discussionview/src/Util.js
FN:3,(anonymous_0)
FN:6,(anonymous_1)
FNF:2
FNH:0
FNDA:0,(anonymous_0)
FNDA:0,(anonymous_1)
DA:1,0
DA:4,0
DA:5,0
DA:6,0
DA:7,0
DA:8,0
DA:9,0
DA:10,0
DA:11,0
DA:13,0
DA:14,0
DA:15,0
DA:16,0
DA:17,0
DA:18,0
DA:19,0
DA:20,0
DA:21,0
DA:22,0
DA:23,0
DA:24,0
DA:25,0
LF:22
LH:0
BRDA:5,0,0,0
BRDA:5,0,1,0
BRDA:5,1,0,0
BRDA:5,1,1,0
BRDA:5,1,2,0
BRDA:5,1,3,0
BRDA:5,1,4,0
BRDA:5,1,5,0
BRDA:5,1,6,0
BRDA:5,1,7,0
BRDA:6,2,0,0
BRDA:6,2,1,0
BRDA:8,3,0,0
BRDA:8,3,1,0
BRDA:10,4,0,0
BRDA:10,4,1,0
BRDA:10,5,0,0
BRDA:10,5,1,0
BRDA:11,6,0,0
BRDA:11,6,1,0
BRDA:11,7,0,0
BRDA:11,7,1,0
BRDA:13,8,0,0
BRDA:13,8,1,0
BRDA:13,9,0,0
BRDA:13,9,1,0
BRDA:13,9,2,0
BRDA:14,10,0,0
BRDA:14,10,1,0
BRDA:14,11,0,0
BRDA:14,11,1,0
BRDA:16,12,0,0
BRDA:16,12,1,0
BRDA:16,13,0,0
BRDA:16,13,1,0
BRDA:19,14,0,0
BRDA:19,14,1,0
BRDA:19,15,0,0
BRDA:19,15,1,0
BRDA:19,16,0,0
BRDA:19,16,1,0
BRDA:19,17,0,0
BRDA:19,17,1,0
BRDA:19,18,0,0
BRDA:19,18,1,0
BRDA:19,19,0,0
BRDA:19,19,1,0
BRDA:19,20,0,0
BRDA:19,20,1,0
BRDA:20,21,0,0
BRDA:20,21,1,0
BRDA:20,22,0,0
BRDA:20,22,1,0
BRDA:21,23,0,0
BRDA:21,23,1,0
BRDA:23,24,0,0
BRDA:23,24,1,0
BRDA:23,25,0,0
BRDA:23,25,1,0
BRDA:23,26,0,0
BRDA:23,26,1,0
BRDA:23,27,0,0
BRDA:23,27,1,0
BRDA:24,28,0,0
BRDA:24,28,1,0
BRDA:24,29,0,0
BRDA:24,29,1,0
BRDA:24,30,0,0
BRDA:24,30,1,0
BRDA:25,31,0,0
BRDA:25,31,1,0
BRDA:25,32,0,0
BRDA:25,32,1,0
BRF:73
BRH:0
end_of_record
TN:
SF:/Users/admin/Documents/GitHub/react-discussionview/src/index.js
FNF:0
FNH:0
LF:0
LH:0
BRF:0
BRH:0
end_of_record
